2017-09-26 09:28:57 | ::1 | /index.php/admin/content/index/pid-59-id-1.html |SQL语句错误: select * from f_ WHERE 1=1 ORDER BY sort desc,id asc语句 =>SQLSTATE[42S02]: Base table or view not found: 1146 Table 'finch.f_' doesn't exist
2017-09-26 09:29:00 | ::1 | /index.php/admin/content/index/pid-59-id-1.html |SQL语句错误: select * from f_ WHERE 1=1 ORDER BY sort desc,id asc语句 =>SQLSTATE[42S02]: Base table or view not found: 1146 Table 'finch.f_' doesn't exist
2017-09-26 09:29:22 | ::1 | /index.php/admin/content/index/pid-59-id-1.html |SQL语句错误: select * from f_ WHERE 1=1 ORDER BY sort desc,id asc语句 =>SQLSTATE[42S02]: Base table or view not found: 1146 Table 'finch.f_' doesn't exist
2017-09-26 09:29:30 | ::1 | /index.php/admin/content/index/pid-59-id-1.html |SQL语句错误: select * from f_ WHERE 1=1 ORDER BY sort desc,id asc语句 =>SQLSTATE[42S02]: Base table or view not found: 1146 Table 'finch.f_' doesn't exist
2017-09-26 09:29:31 | ::1 | /index.php/admin/content/add/pid-59-id-1.html |预处理语句错误: select * from f_ WHERE id=? LIMIT 1语句 =>SQLSTATE[42S02]: Base table or view not found: 1146 Table 'finch.f_' doesn't exist
2017-09-26 09:29:34 | ::1 | /index.php/admin/content/index/pid-59.html |SQL语句错误: select * from f_ WHERE 1=1 ORDER BY sort desc,id asc语句 =>SQLSTATE[42S02]: Base table or view not found: 1146 Table 'finch.f_' doesn't exist
2017-09-26 09:54:35 | ::1 | /index.php/admin/content/category_save1/pid-63-fid-0.html |预处理语句错误: UPDATE "f_category" SET "name" = ?, "thumb" = ?, "file" = ?, "content" = ? WHERE id=?语句 =>SQLSTATE[42S22]: Column not found: 1054 Unknown column 'file' in 'field list'
2017-09-26 09:56:03 | ::1 | /index.php/admin/content/category_save1/pid-63-fid-0.html |预处理语句错误: UPDATE "f_category" SET "name" = ?, "thumb" = ?, "file" = ?, "content" = ? WHERE id=?语句 =>SQLSTATE[42S22]: Column not found: 1054 Unknown column 'file' in 'field list'
2017-09-26 09:58:36 | ::1 | /index.php/admin/content/category_save1/pid-63-fid-0.html |预处理语句错误: UPDATE "f_category" SET "name" = ?, "thumb" = ?, "file" = ?, "content" = ? WHERE id=?语句 =>SQLSTATE[42S22]: Column not found: 1054 Unknown column 'file' in 'field list'
2017-09-26 10:02:17 | ::1 | /index.php/admin/content/category_save1/pid-63-fid-0.html |预处理语句错误: UPDATE "f_category" SET "name" = ?, "thumb" = ?, "file" = ?, "content" = ? WHERE id=1218语句 =>SQLSTATE[42S22]: Column not found: 1054 Unknown column 'file' in 'field list'
2017-09-26 10:03:23 | ::1 | /index.php/admin/content/category_save1/pid-63-fid-0.html |预处理语句错误: UPDATE "f_category" SET "name" = ?, "thumb" = ?, "file" = ?, "content" = ? WHERE id=1218语句 =>SQLSTATE[42S22]: Column not found: 1054 Unknown column 'file' in 'field list'
2017-09-26 10:03:56 | ::1 | /index.php/admin/content/category_save1/pid-63-fid-0.html |预处理语句错误: UPDATE "f_category" SET "name" = ?, "thumb" = ?, "file" = ?, "content" = ? WHERE id=1218语句 =>SQLSTATE[42S22]: Column not found: 1054 Unknown column 'file' in 'field list'
2017-09-26 10:05:09 | ::1 | /index.php/admin/content/category_save1/pid-63-fid-0.html |预处理语句错误: UPDATE "f_category" SET "name" = ?, "thumb" = ?, "file" = ?, "content" = ? WHERE id=1218语句 =>SQLSTATE[42S22]: Column not found: 1054 Unknown column 'file' in 'field list'
2017-09-26 10:05:39 | ::1 | /index.php/admin/content/category_save1/pid-63-fid-0.html |预处理语句错误: UPDATE "f_category" SET "name" = ?, "thumb" = ?, "file" = ?, "content" = ? WHERE id=1218语句 =>SQLSTATE[42S22]: Column not found: 1054 Unknown column 'file' in 'field list'
2017-09-26 10:08:48 | ::1 | /index.php/admin/content/category_save1/pid-63-fid-0.html |预处理语句错误: UPDATE "f_category" SET "id" = ?, "name" = ?, "thumb" = ?, "file" = ?, "content" = ? WHERE id=1218语句 =>SQLSTATE[42S22]: Column not found: 1054 Unknown column 'file' in 'field list'
2017-09-26 10:09:41 | ::1 | /index.php/admin/content/category_save1/pid-63-fid-0.html |预处理语句错误: UPDATE "f_category" SET "id" = ?, "name" = ?, "thumb" = ?, "file" = ?, "content" = ? WHERE id=?语句 =>SQLSTATE[42S22]: Column not found: 1054 Unknown column 'file' in 'field list'
2017-09-26 10:12:19 | ::1 | /index.php/admin/content/category_save1/pid-63-fid-0.html |预处理语句错误: UPDATE "f_category" SET "id" = ?, "name" = ?, "thumb" = ?, "file" = ?, "content" = ? WHERE id=?语句 =>SQLSTATE[42S22]: Column not found: 1054 Unknown column 'file' in 'field list'
2017-09-26 10:13:20 | ::1 | /index.php/admin/content/category_save1/pid-63-fid-0.html |预处理语句错误: UPDATE "f_category" SET "name" = ?, "thumb" = ?, "file" = ?, "content" = ? WHERE id=语句 =>SQLSTATE[42000]: Syntax error or access violation: 1064 You have an error in your SQL syntax; check the manual that corresponds to your MySQL server version for the right syntax to use near '' at line 1
2017-09-26 10:14:06 | ::1 | /index.php/admin/content/category_save1/pid-63-fid-0.html |预处理语句错误: UPDATE "f_category" SET "name" = ?, "thumb" = ?, "file" = ?, "content" = ? WHERE id=语句 =>SQLSTATE[42000]: Syntax error or access violation: 1064 You have an error in your SQL syntax; check the manual that corresponds to your MySQL server version for the right syntax to use near '' at line 1
2017-09-26 10:15:13 | ::1 | /index.php/admin/content/category_save1/pid-63-fid-0.html |预处理语句错误: UPDATE "f_category" SET "name" = ?, "thumb" = ?, "file" = ?, "content" = ? WHERE id=1218语句 =>SQLSTATE[42S22]: Column not found: 1054 Unknown column 'file' in 'field list'
2017-09-26 10:16:06 | ::1 | /index.php/admin/content/category_save1/pid-63-fid-0.html |预处理语句错误: UPDATE "f_category" SET "name" = ?, "thumb" = ?, "file" = ?, "content" = ? WHERE id=1218语句 =>SQLSTATE[42S22]: Column not found: 1054 Unknown column 'file' in 'field list'
