2017-09-18 10:54:21 | ::1 | /index.php |PDOè¿žæŽ¥é”™è¯¯ä¿¡æ¯ï¼šSQLSTATE[HY000] [1049] Unknown database 'finch'
2017-09-18 10:57:04 | ::1 | /index.php |PDOè¿žæŽ¥é”™è¯¯ä¿¡æ¯ï¼šSQLSTATE[HY000] [1049] Unknown database 'finch'
2017-09-18 10:57:04 | ::1 | /index.php |PDOè¿žæŽ¥é”™è¯¯ä¿¡æ¯ï¼šSQLSTATE[HY000] [1049] Unknown database 'finch'
2017-09-18 10:57:04 | ::1 | /index.php |PDOè¿žæŽ¥é”™è¯¯ä¿¡æ¯ï¼šSQLSTATE[HY000] [1049] Unknown database 'finch'
2017-09-18 10:57:05 | ::1 | /index.php |PDOè¿žæŽ¥é”™è¯¯ä¿¡æ¯ï¼šSQLSTATE[HY000] [1049] Unknown database 'finch'
2017-09-18 10:57:05 | ::1 | /index.php |PDOè¿žæŽ¥é”™è¯¯ä¿¡æ¯ï¼šSQLSTATE[HY000] [1049] Unknown database 'finch'
2017-09-18 10:57:05 | ::1 | /index.php |PDOè¿žæŽ¥é”™è¯¯ä¿¡æ¯ï¼šSQLSTATE[HY000] [1049] Unknown database 'finch'
2017-09-18 10:57:06 | ::1 | /index.php |PDOè¿žæŽ¥é”™è¯¯ä¿¡æ¯ï¼šSQLSTATE[HY000] [1049] Unknown database 'finch'
2017-09-18 10:57:06 | ::1 | /index.php |PDOè¿žæŽ¥é”™è¯¯ä¿¡æ¯ï¼šSQLSTATE[HY000] [1049] Unknown database 'finch'
2017-09-18 10:57:06 | ::1 | /index.php |PDOè¿žæŽ¥é”™è¯¯ä¿¡æ¯ï¼šSQLSTATE[HY000] [1049] Unknown database 'finch'
2017-09-18 10:57:07 | ::1 | /index.php |PDOè¿žæŽ¥é”™è¯¯ä¿¡æ¯ï¼šSQLSTATE[HY000] [1049] Unknown database 'finch'
2017-09-18 10:57:07 | ::1 | /index.php |PDOè¿žæŽ¥é”™è¯¯ä¿¡æ¯ï¼šSQLSTATE[HY000] [1049] Unknown database 'finch'
2017-09-18 10:57:07 | ::1 | /index.php |PDOè¿žæŽ¥é”™è¯¯ä¿¡æ¯ï¼šSQLSTATE[HY000] [1049] Unknown database 'finch'
2017-09-18 10:57:07 | ::1 | /index.php |PDOè¿žæŽ¥é”™è¯¯ä¿¡æ¯ï¼šSQLSTATE[HY000] [1049] Unknown database 'finch'
2017-09-18 10:58:21 | ::1 | /index.php |PDOè¿žæŽ¥é”™è¯¯ä¿¡æ¯ï¼šSQLSTATE[HY000] [2002] ÓÉÓÚÄ¿±ê¼ÆËã»ú»ý¼«¾Ü¾ø£¬ÎÞ·¨Á¬½Ó¡£

2017-09-18 10:58:23 | ::1 | /index.php |PDOè¿žæŽ¥é”™è¯¯ä¿¡æ¯ï¼šSQLSTATE[HY000] [2002] ÓÉÓÚÄ¿±ê¼ÆËã»ú»ý¼«¾Ü¾ø£¬ÎÞ·¨Á¬½Ó¡£

2017-09-18 10:58:32 | ::1 | /index.php |PDOè¿žæŽ¥é”™è¯¯ä¿¡æ¯ï¼šSQLSTATE[HY000] [1049] Unknown database 'finch'
2017-09-18 10:58:33 | ::1 | /index.php |PDOè¿žæŽ¥é”™è¯¯ä¿¡æ¯ï¼šSQLSTATE[HY000] [1049] Unknown database 'finch'
2017-09-18 10:58:34 | ::1 | /index.php |PDOè¿žæŽ¥é”™è¯¯ä¿¡æ¯ï¼šSQLSTATE[HY000] [1049] Unknown database 'finch'
2017-09-18 10:58:34 | ::1 | /index.php |PDOè¿žæŽ¥é”™è¯¯ä¿¡æ¯ï¼šSQLSTATE[HY000] [1049] Unknown database 'finch'
2017-09-18 10:58:35 | ::1 | /index.php |PDOè¿žæŽ¥é”™è¯¯ä¿¡æ¯ï¼šSQLSTATE[HY000] [1049] Unknown database 'finch'
2017-09-18 10:58:35 | ::1 | /index.php |PDOè¿žæŽ¥é”™è¯¯ä¿¡æ¯ï¼šSQLSTATE[HY000] [1049] Unknown database 'finch'
2017-09-18 10:58:35 | ::1 | /index.php |PDOè¿žæŽ¥é”™è¯¯ä¿¡æ¯ï¼šSQLSTATE[HY000] [1049] Unknown database 'finch'
2017-09-18 10:58:35 | ::1 | /index.php |PDOè¿žæŽ¥é”™è¯¯ä¿¡æ¯ï¼šSQLSTATE[HY000] [1049] Unknown database 'finch'
2017-09-18 10:58:36 | ::1 | /index.php |PDOè¿žæŽ¥é”™è¯¯ä¿¡æ¯ï¼šSQLSTATE[HY000] [1049] Unknown database 'finch'
2017-09-18 10:58:36 | ::1 | /index.php |PDOè¿žæŽ¥é”™è¯¯ä¿¡æ¯ï¼šSQLSTATE[HY000] [1049] Unknown database 'finch'
2017-09-18 10:58:36 | ::1 | /index.php |PDOè¿žæŽ¥é”™è¯¯ä¿¡æ¯ï¼šSQLSTATE[HY000] [1049] Unknown database 'finch'
2017-09-18 10:58:36 | ::1 | /index.php |PDOè¿žæŽ¥é”™è¯¯ä¿¡æ¯ï¼šSQLSTATE[HY000] [1049] Unknown database 'finch'
2017-09-18 10:58:37 | ::1 | /index.php |PDOè¿žæŽ¥é”™è¯¯ä¿¡æ¯ï¼šSQLSTATE[HY000] [1049] Unknown database 'finch'
2017-09-18 10:58:37 | ::1 | /index.php |PDOè¿žæŽ¥é”™è¯¯ä¿¡æ¯ï¼šSQLSTATE[HY000] [1049] Unknown database 'finch'
2017-09-18 10:58:37 | ::1 | /index.php |PDOè¿žæŽ¥é”™è¯¯ä¿¡æ¯ï¼šSQLSTATE[HY000] [1049] Unknown database 'finch'
2017-09-18 10:58:37 | ::1 | /index.php |PDOè¿žæŽ¥é”™è¯¯ä¿¡æ¯ï¼šSQLSTATE[HY000] [1049] Unknown database 'finch'
2017-09-18 10:58:38 | ::1 | /index.php |PDOè¿žæŽ¥é”™è¯¯ä¿¡æ¯ï¼šSQLSTATE[HY000] [1049] Unknown database 'finch'
2017-09-18 10:58:38 | ::1 | /index.php |PDOè¿žæŽ¥é”™è¯¯ä¿¡æ¯ï¼šSQLSTATE[HY000] [1049] Unknown database 'finch'
2017-09-18 10:58:38 | ::1 | /index.php |PDOè¿žæŽ¥é”™è¯¯ä¿¡æ¯ï¼šSQLSTATE[HY000] [1049] Unknown database 'finch'
2017-09-18 10:58:38 | ::1 | /index.php |PDOè¿žæŽ¥é”™è¯¯ä¿¡æ¯ï¼šSQLSTATE[HY000] [1049] Unknown database 'finch'
2017-09-18 10:58:39 | ::1 | /index.php |PDOè¿žæŽ¥é”™è¯¯ä¿¡æ¯ï¼šSQLSTATE[HY000] [1049] Unknown database 'finch'
2017-09-18 10:58:51 | ::1 | /index.php |PDOè¿žæŽ¥é”™è¯¯ä¿¡æ¯ï¼šSQLSTATE[HY000] [1049] Unknown database 'finch'
2017-09-18 10:58:52 | ::1 | /index.php |PDOè¿žæŽ¥é”™è¯¯ä¿¡æ¯ï¼šSQLSTATE[HY000] [1049] Unknown database 'finch'
2017-09-18 10:58:52 | ::1 | /index.php |PDOè¿žæŽ¥é”™è¯¯ä¿¡æ¯ï¼šSQLSTATE[HY000] [1049] Unknown database 'finch'
2017-09-18 10:58:52 | ::1 | /index.php |PDOè¿žæŽ¥é”™è¯¯ä¿¡æ¯ï¼šSQLSTATE[HY000] [1049] Unknown database 'finch'
2017-09-18 10:58:52 | ::1 | /index.php |PDOè¿žæŽ¥é”™è¯¯ä¿¡æ¯ï¼šSQLSTATE[HY000] [1049] Unknown database 'finch'
2017-09-18 10:59:54 | ::1 | /index.php |PDOè¿žæŽ¥é”™è¯¯ä¿¡æ¯ï¼šSQLSTATE[HY000] [1049] Unknown database 'finch'
2017-09-18 11:00:29 | ::1 | /index.php |PDOè¿žæŽ¥é”™è¯¯ä¿¡æ¯ï¼šSQLSTATE[HY000] [1049] Unknown database 'finch'
2017-09-18 16:47:21 | ::1 | /index.php/admin/user/goldlist/id-17.html |SQLè¯­å¥é”™è¯¯: select youximingcheng from f_youxizhongxin WHERE id=0 LIMIT 1è¯­å¥ =>SQLSTATE[42S02]: Base table or view not found: 1146 Table 'finch.f_youxizhongxin' doesn't exist
2017-09-18 17:58:00 | ::1 | /index.php/admin/user/level_edit.html |é¢„å¤„ç†è¯­å¥é”™è¯¯: INSERT INTO "f_user_level"  ("id","name","sale") VALUES (?,?,?) è¯­å¥ =>SQLSTATE[23000]: Integrity constraint violation: 1062 Duplicate entry '3' for key 'PRIMARY'
2017-09-18 20:17:24 | ::1 | /index.php/admin/user/index.html |SQLè¯­å¥é”™è¯¯: select * from f_user_level WHERE id= LIMIT 1è¯­å¥ =>SQLSTATE[42000]: Syntax error or access violation: 1064 You have an error in your SQL syntax; check the manual that corresponds to your MariaDB server version for the right syntax to use near 'LIMIT 1' at line 1
2017-09-18 20:25:14 | ::1 | /index.php/admin/user/goldlist/id-17.html |SQLè¯­å¥é”™è¯¯: select youximingcheng from f_youxizhongxin WHERE id=0 LIMIT 1è¯­å¥ =>SQLSTATE[42S02]: Base table or view not found: 1146 Table 'finch.f_youxizhongxin' doesn't exist
2017-09-18 20:25:19 | ::1 | /index.php/admin/user/goldlist/id-17.html |SQLè¯­å¥é”™è¯¯: select youximingcheng from f_youxizhongxin WHERE id=0 LIMIT 1è¯­å¥ =>SQLSTATE[42S02]: Base table or view not found: 1146 Table 'finch.f_youxizhongxin' doesn't exist
2017-09-18 20:29:15 | ::1 | /index.php/admin/user/goldlist/id-17.html |SQLè¯­å¥é”™è¯¯: select youximingcheng from f_youxizhongxin WHERE id=0 LIMIT 1è¯­å¥ =>SQLSTATE[42S02]: Base table or view not found: 1146 Table 'finch.f_youxizhongxin' doesn't exist
