2017-09-21 09:15:38 | 127.0.0.1 | /index.php/api/toolbox/geturl.php |default应用里:controller\http:_controller.php不存在
2017-09-21 09:15:52 | 127.0.0.1 | /index.php/components/time.php |default应用里:controller\http:_controller.php不存在
2017-09-21 09:15:53 | 127.0.0.1 | /index.php/jsp/personalcenter/pcgettime.jsp |default应用里:controller\http:_controller.php不存在
2017-09-21 09:25:53 | 127.0.0.1 | /index.php/jsp/personalcenter/pcgettime.jsp |default应用里:controller\http:_controller.php不存在
2017-09-21 09:54:41 | ::1 | /index.php/admin/section/field_save.html |SQL语句错误: ALTER TABLE `f_ceshiyi` ADD COLUMN `ceshi` varchar (50) NOT NULL DEFAULT '';语句 =>SQLSTATE[42S21]: Column already exists: 1060 Duplicate column name 'ceshi'
2017-09-21 09:54:42 | ::1 | /index.php/admin/section/field_save.html |SQL语句错误: ALTER TABLE `f_ceshiyi` ADD COLUMN `ceshi` varchar (50) NOT NULL DEFAULT '';语句 =>SQLSTATE[42S21]: Column already exists: 1060 Duplicate column name 'ceshi'
2017-09-21 09:54:42 | ::1 | /index.php/admin/section/field_save.html |SQL语句错误: ALTER TABLE `f_ceshiyi` ADD COLUMN `ceshi` varchar (50) NOT NULL DEFAULT '';语句 =>SQLSTATE[42S21]: Column already exists: 1060 Duplicate column name 'ceshi'
2017-09-21 09:54:42 | ::1 | /index.php/admin/section/field_save.html |SQL语句错误: ALTER TABLE `f_ceshiyi` ADD COLUMN `ceshi` varchar (50) NOT NULL DEFAULT '';语句 =>SQLSTATE[42S21]: Column already exists: 1060 Duplicate column name 'ceshi'
2017-09-21 09:54:42 | ::1 | /index.php/admin/section/field_save.html |SQL语句错误: ALTER TABLE `f_ceshiyi` ADD COLUMN `ceshi` varchar (50) NOT NULL DEFAULT '';语句 =>SQLSTATE[42S21]: Column already exists: 1060 Duplicate column name 'ceshi'
2017-09-21 09:54:43 | ::1 | /index.php/admin/section/field_save.html |SQL语句错误: ALTER TABLE `f_ceshiyi` ADD COLUMN `ceshi` varchar (50) NOT NULL DEFAULT '';语句 =>SQLSTATE[42S21]: Column already exists: 1060 Duplicate column name 'ceshi'
2017-09-21 09:55:29 | ::1 | /index.php/admin/section/save.html |预处理语句错误: INSERT INTO "f_section"  ("id","name","ename","alias","icon","thumb","content","is_next","is_add","is_delete","template","pagesize") VALUES (?,?,?,?,?,?,?,?,?,?,?,?) 语句 =>SQLSTATE[23000]: Integrity constraint violation: 1062 Duplicate entry '栏目二' for key 'name'
2017-09-21 09:55:30 | ::1 | /index.php/admin/section/save.html |预处理语句错误: INSERT INTO "f_section"  ("id","name","ename","alias","icon","thumb","content","is_next","is_add","is_delete","template","pagesize") VALUES (?,?,?,?,?,?,?,?,?,?,?,?) 语句 =>SQLSTATE[23000]: Integrity constraint violation: 1062 Duplicate entry '栏目二' for key 'name'
2017-09-21 09:58:32 | ::1 | /index.php/admin/section/field_save.html |SQL语句错误: ALTER TABLE `f_ceshiyi` ADD COLUMN `ceshi2` varchar (50) NOT NULL DEFAULT '';语句 =>SQLSTATE[42S21]: Column already exists: 1060 Duplicate column name 'ceshi2'
2017-09-21 09:58:48 | ::1 | /index.php/admin/section/field_del/pid-40-id-120.html |SQL语句错误: ALTER TABLE `f_ceshiyi` DROP COLUMN `ceshi`;语句 =>SQLSTATE[42000]: Syntax error or access violation: 1091 Can't DROP 'ceshi'; check that column/key exists
2017-09-21 09:59:00 | ::1 | /index.php/admin/section/field_del/pid-40-id-119.html |SQL语句错误: ALTER TABLE `f_ceshiyi` DROP COLUMN `ceshi`;语句 =>SQLSTATE[42000]: Syntax error or access violation: 1091 Can't DROP 'ceshi'; check that column/key exists
2017-09-21 09:59:06 | ::1 | /index.php/admin/section/field_del/pid-40-id-118.html |SQL语句错误: ALTER TABLE `f_ceshiyi` DROP COLUMN `ceshi`;语句 =>SQLSTATE[42000]: Syntax error or access violation: 1091 Can't DROP 'ceshi'; check that column/key exists
2017-09-21 09:59:09 | ::1 | /index.php/admin/section/field_del/pid-40-id-117.html |SQL语句错误: ALTER TABLE `f_ceshiyi` DROP COLUMN `ceshi`;语句 =>SQLSTATE[42000]: Syntax error or access violation: 1091 Can't DROP 'ceshi'; check that column/key exists
2017-09-21 09:59:13 | ::1 | /index.php/admin/section/field_del/pid-40-id-116.html |SQL语句错误: ALTER TABLE `f_ceshiyi` DROP COLUMN `ceshi`;语句 =>SQLSTATE[42000]: Syntax error or access violation: 1091 Can't DROP 'ceshi'; check that column/key exists
2017-09-21 09:59:21 | ::1 | /index.php/admin/section/field_del/pid-40-id-114.html |SQL语句错误: ALTER TABLE `f_ceshiyi` DROP COLUMN `ceshi2`;语句 =>SQLSTATE[42000]: Syntax error or access violation: 1091 Can't DROP 'ceshi2'; check that column/key exists
2017-09-21 09:59:24 | ::1 | /index.php/admin/section/field_del/pid-40-id-113.html |SQL语句错误: ALTER TABLE `f_ceshiyi` DROP COLUMN `ceshi`;语句 =>SQLSTATE[42000]: Syntax error or access violation: 1091 Can't DROP 'ceshi'; check that column/key exists
2017-09-21 09:59:54 | ::1 | /index.php/admin/section/field_save.html |SQL语句错误: ALTER TABLE `f_ceshiyi` ADD COLUMN `pinpai` varchar (50) NOT NULL DEFAULT '';语句 =>SQLSTATE[42S21]: Column already exists: 1060 Duplicate column name 'pinpai'
2017-09-21 09:59:59 | ::1 | /index.php/admin/section/field_save.html |SQL语句错误: ALTER TABLE `f_ceshiyi` ADD COLUMN `pinpai` varchar (50) NOT NULL DEFAULT '';语句 =>SQLSTATE[42S21]: Column already exists: 1060 Duplicate column name 'pinpai'
2017-09-21 10:00:35 | ::1 | /index.php/admin/useradmin/save.html |预处理语句错误: INSERT INTO "f_admin_user"  ("username","password","user_power","status","create_time","last_login_time","last_login_ip") VALUES (?,?,?,?,?,?,?) 语句 =>SQLSTATE[23000]: Integrity constraint violation: 1062 Duplicate entry 'root' for key 'username'
2017-09-21 10:00:37 | ::1 | /index.php/admin/useradmin/save.html |预处理语句错误: INSERT INTO "f_admin_user"  ("username","password","user_power","status","create_time","last_login_time","last_login_ip") VALUES (?,?,?,?,?,?,?) 语句 =>SQLSTATE[23000]: Integrity constraint violation: 1062 Duplicate entry 'root' for key 'username'
2017-09-21 10:00:37 | ::1 | /index.php/admin/useradmin/save.html |预处理语句错误: INSERT INTO "f_admin_user"  ("username","password","user_power","status","create_time","last_login_time","last_login_ip") VALUES (?,?,?,?,?,?,?) 语句 =>SQLSTATE[23000]: Integrity constraint violation: 1062 Duplicate entry 'root' for key 'username'
2017-09-21 10:00:38 | ::1 | /index.php/admin/useradmin/save.html |预处理语句错误: INSERT INTO "f_admin_user"  ("username","password","user_power","status","create_time","last_login_time","last_login_ip") VALUES (?,?,?,?,?,?,?) 语句 =>SQLSTATE[23000]: Integrity constraint violation: 1062 Duplicate entry 'root' for key 'username'
2017-09-21 10:00:38 | ::1 | /index.php/admin/useradmin/save.html |预处理语句错误: INSERT INTO "f_admin_user"  ("username","password","user_power","status","create_time","last_login_time","last_login_ip") VALUES (?,?,?,?,?,?,?) 语句 =>SQLSTATE[23000]: Integrity constraint violation: 1062 Duplicate entry 'root' for key 'username'
2017-09-21 10:00:38 | ::1 | /index.php/admin/useradmin/save.html |预处理语句错误: INSERT INTO "f_admin_user"  ("username","password","user_power","status","create_time","last_login_time","last_login_ip") VALUES (?,?,?,?,?,?,?) 语句 =>SQLSTATE[23000]: Integrity constraint violation: 1062 Duplicate entry 'root' for key 'username'
2017-09-21 10:00:38 | ::1 | /index.php/admin/useradmin/save.html |预处理语句错误: INSERT INTO "f_admin_user"  ("username","password","user_power","status","create_time","last_login_time","last_login_ip") VALUES (?,?,?,?,?,?,?) 语句 =>SQLSTATE[23000]: Integrity constraint violation: 1062 Duplicate entry 'root' for key 'username'
2017-09-21 10:00:38 | ::1 | /index.php/admin/useradmin/save.html |预处理语句错误: INSERT INTO "f_admin_user"  ("username","password","user_power","status","create_time","last_login_time","last_login_ip") VALUES (?,?,?,?,?,?,?) 语句 =>SQLSTATE[23000]: Integrity constraint violation: 1062 Duplicate entry 'root' for key 'username'
2017-09-21 10:00:39 | ::1 | /index.php/admin/useradmin/save.html |预处理语句错误: INSERT INTO "f_admin_user"  ("username","password","user_power","status","create_time","last_login_time","last_login_ip") VALUES (?,?,?,?,?,?,?) 语句 =>SQLSTATE[23000]: Integrity constraint violation: 1062 Duplicate entry 'root' for key 'username'
2017-09-21 10:00:39 | ::1 | /index.php/admin/useradmin/save.html |预处理语句错误: INSERT INTO "f_admin_user"  ("username","password","user_power","status","create_time","last_login_time","last_login_ip") VALUES (?,?,?,?,?,?,?) 语句 =>SQLSTATE[23000]: Integrity constraint violation: 1062 Duplicate entry 'root' for key 'username'
2017-09-21 10:00:39 | ::1 | /index.php/admin/useradmin/save.html |预处理语句错误: INSERT INTO "f_admin_user"  ("username","password","user_power","status","create_time","last_login_time","last_login_ip") VALUES (?,?,?,?,?,?,?) 语句 =>SQLSTATE[23000]: Integrity constraint violation: 1062 Duplicate entry 'root' for key 'username'
2017-09-21 10:00:39 | ::1 | /index.php/admin/useradmin/save.html |预处理语句错误: INSERT INTO "f_admin_user"  ("username","password","user_power","status","create_time","last_login_time","last_login_ip") VALUES (?,?,?,?,?,?,?) 语句 =>SQLSTATE[23000]: Integrity constraint violation: 1062 Duplicate entry 'root' for key 'username'
2017-09-21 10:00:39 | ::1 | /index.php/admin/useradmin/save.html |预处理语句错误: INSERT INTO "f_admin_user"  ("username","password","user_power","status","create_time","last_login_time","last_login_ip") VALUES (?,?,?,?,?,?,?) 语句 =>SQLSTATE[23000]: Integrity constraint violation: 1062 Duplicate entry 'root' for key 'username'
2017-09-21 10:00:40 | ::1 | /index.php/admin/useradmin/save.html |预处理语句错误: INSERT INTO "f_admin_user"  ("username","password","user_power","status","create_time","last_login_time","last_login_ip") VALUES (?,?,?,?,?,?,?) 语句 =>SQLSTATE[23000]: Integrity constraint violation: 1062 Duplicate entry 'root' for key 'username'
2017-09-21 10:00:40 | ::1 | /index.php/admin/useradmin/save.html |预处理语句错误: INSERT INTO "f_admin_user"  ("username","password","user_power","status","create_time","last_login_time","last_login_ip") VALUES (?,?,?,?,?,?,?) 语句 =>SQLSTATE[23000]: Integrity constraint violation: 1062 Duplicate entry 'root' for key 'username'
2017-09-21 10:00:40 | ::1 | /index.php/admin/useradmin/save.html |预处理语句错误: INSERT INTO "f_admin_user"  ("username","password","user_power","status","create_time","last_login_time","last_login_ip") VALUES (?,?,?,?,?,?,?) 语句 =>SQLSTATE[23000]: Integrity constraint violation: 1062 Duplicate entry 'root' for key 'username'
2017-09-21 10:14:37 | 127.0.0.1 | /index.php/api/toolbox/geturl.php |default应用里:controller\http:_controller.php不存在
2017-09-21 10:23:33 | 127.0.0.1 | /index.php/api/toolbox/geturl.php |default应用里:controller\http:_controller.php不存在
2017-09-21 11:04:10 | 127.0.0.1 | /index.php/api/toolbox/geturl.php |default应用里:controller\http:_controller.php不存在
