2017-09-23 09:38:58 | ::1 | /index.php/admin/content/index/pid-40.html |SQL语句错误: select * from f_ WHERE 1=1 ORDER BY sort desc,id asc语句 =>SQLSTATE[42S02]: Base table or view not found: 1146 Table 'finch.f_' doesn't exist
2017-09-23 09:40:33 | ::1 | /index.php/admin/content/save.html |预处理语句错误: INSERT INTO "f_buyaoshandiao"  ("ceshi","add_time","pid","fid","sort") VALUES (?,?,?,?,?) 语句 =>SQLSTATE[42S22]: Column not found: 1054 Unknown column 'ceshi' in 'field list'
2017-09-23 09:40:34 | ::1 | /index.php/admin/content/save.html |预处理语句错误: INSERT INTO "f_buyaoshandiao"  ("ceshi","add_time","pid","fid","sort") VALUES (?,?,?,?,?) 语句 =>SQLSTATE[42S22]: Column not found: 1054 Unknown column 'ceshi' in 'field list'
2017-09-23 09:40:34 | ::1 | /index.php/admin/content/save.html |预处理语句错误: INSERT INTO "f_buyaoshandiao"  ("ceshi","add_time","pid","fid","sort") VALUES (?,?,?,?,?) 语句 =>SQLSTATE[42S22]: Column not found: 1054 Unknown column 'ceshi' in 'field list'
2017-09-23 09:40:35 | ::1 | /index.php/admin/content/save.html |预处理语句错误: INSERT INTO "f_buyaoshandiao"  ("ceshi","add_time","pid","fid","sort") VALUES (?,?,?,?,?) 语句 =>SQLSTATE[42S22]: Column not found: 1054 Unknown column 'ceshi' in 'field list'
2017-09-23 09:40:35 | ::1 | /index.php/admin/content/save.html |预处理语句错误: INSERT INTO "f_buyaoshandiao"  ("ceshi","add_time","pid","fid","sort") VALUES (?,?,?,?,?) 语句 =>SQLSTATE[42S22]: Column not found: 1054 Unknown column 'ceshi' in 'field list'
2017-09-23 09:40:35 | ::1 | /index.php/admin/content/save.html |预处理语句错误: INSERT INTO "f_buyaoshandiao"  ("ceshi","add_time","pid","fid","sort") VALUES (?,?,?,?,?) 语句 =>SQLSTATE[42S22]: Column not found: 1054 Unknown column 'ceshi' in 'field list'
2017-09-23 09:40:36 | ::1 | /index.php/admin/content/save.html |预处理语句错误: INSERT INTO "f_buyaoshandiao"  ("ceshi","add_time","pid","fid","sort") VALUES (?,?,?,?,?) 语句 =>SQLSTATE[42S22]: Column not found: 1054 Unknown column 'ceshi' in 'field list'
2017-09-23 09:40:36 | ::1 | /index.php/admin/content/save.html |预处理语句错误: INSERT INTO "f_buyaoshandiao"  ("ceshi","add_time","pid","fid","sort") VALUES (?,?,?,?,?) 语句 =>SQLSTATE[42S22]: Column not found: 1054 Unknown column 'ceshi' in 'field list'
2017-09-23 09:40:36 | ::1 | /index.php/admin/content/save.html |预处理语句错误: INSERT INTO "f_buyaoshandiao"  ("ceshi","add_time","pid","fid","sort") VALUES (?,?,?,?,?) 语句 =>SQLSTATE[42S22]: Column not found: 1054 Unknown column 'ceshi' in 'field list'
2017-09-23 09:40:36 | ::1 | /index.php/admin/content/save.html |预处理语句错误: INSERT INTO "f_buyaoshandiao"  ("ceshi","add_time","pid","fid","sort") VALUES (?,?,?,?,?) 语句 =>SQLSTATE[42S22]: Column not found: 1054 Unknown column 'ceshi' in 'field list'
2017-09-23 09:40:37 | ::1 | /index.php/admin/content/save.html |预处理语句错误: INSERT INTO "f_buyaoshandiao"  ("ceshi","add_time","pid","fid","sort") VALUES (?,?,?,?,?) 语句 =>SQLSTATE[42S22]: Column not found: 1054 Unknown column 'ceshi' in 'field list'
2017-09-23 09:40:37 | ::1 | /index.php/admin/content/save.html |预处理语句错误: INSERT INTO "f_buyaoshandiao"  ("ceshi","add_time","pid","fid","sort") VALUES (?,?,?,?,?) 语句 =>SQLSTATE[42S22]: Column not found: 1054 Unknown column 'ceshi' in 'field list'
2017-09-23 09:40:37 | ::1 | /index.php/admin/content/save.html |预处理语句错误: INSERT INTO "f_buyaoshandiao"  ("ceshi","add_time","pid","fid","sort") VALUES (?,?,?,?,?) 语句 =>SQLSTATE[42S22]: Column not found: 1054 Unknown column 'ceshi' in 'field list'
2017-09-23 09:40:37 | ::1 | /index.php/admin/content/save.html |预处理语句错误: INSERT INTO "f_buyaoshandiao"  ("ceshi","add_time","pid","fid","sort") VALUES (?,?,?,?,?) 语句 =>SQLSTATE[42S22]: Column not found: 1054 Unknown column 'ceshi' in 'field list'
2017-09-23 09:40:46 | ::1 | /index.php/admin/content/save.html |预处理语句错误: INSERT INTO "f_buyaoshandiao"  ("ceshi","add_time","pid","fid","sort") VALUES (?,?,?,?,?) 语句 =>SQLSTATE[42S22]: Column not found: 1054 Unknown column 'ceshi' in 'field list'
2017-09-23 09:40:47 | ::1 | /index.php/admin/content/save.html |预处理语句错误: INSERT INTO "f_buyaoshandiao"  ("ceshi","add_time","pid","fid","sort") VALUES (?,?,?,?,?) 语句 =>SQLSTATE[42S22]: Column not found: 1054 Unknown column 'ceshi' in 'field list'
2017-09-23 09:40:47 | ::1 | /index.php/admin/content/save.html |预处理语句错误: INSERT INTO "f_buyaoshandiao"  ("ceshi","add_time","pid","fid","sort") VALUES (?,?,?,?,?) 语句 =>SQLSTATE[42S22]: Column not found: 1054 Unknown column 'ceshi' in 'field list'
2017-09-23 09:40:47 | ::1 | /index.php/admin/content/save.html |预处理语句错误: INSERT INTO "f_buyaoshandiao"  ("ceshi","add_time","pid","fid","sort") VALUES (?,?,?,?,?) 语句 =>SQLSTATE[42S22]: Column not found: 1054 Unknown column 'ceshi' in 'field list'
2017-09-23 09:40:47 | ::1 | /index.php/admin/content/save.html |预处理语句错误: INSERT INTO "f_buyaoshandiao"  ("ceshi","add_time","pid","fid","sort") VALUES (?,?,?,?,?) 语句 =>SQLSTATE[42S22]: Column not found: 1054 Unknown column 'ceshi' in 'field list'
2017-09-23 09:40:48 | ::1 | /index.php/admin/content/save.html |预处理语句错误: INSERT INTO "f_buyaoshandiao"  ("ceshi","add_time","pid","fid","sort") VALUES (?,?,?,?,?) 语句 =>SQLSTATE[42S22]: Column not found: 1054 Unknown column 'ceshi' in 'field list'
2017-09-23 09:40:48 | ::1 | /index.php/admin/content/save.html |预处理语句错误: INSERT INTO "f_buyaoshandiao"  ("ceshi","add_time","pid","fid","sort") VALUES (?,?,?,?,?) 语句 =>SQLSTATE[42S22]: Column not found: 1054 Unknown column 'ceshi' in 'field list'
2017-09-23 09:40:48 | ::1 | /index.php/admin/content/save.html |预处理语句错误: INSERT INTO "f_buyaoshandiao"  ("ceshi","add_time","pid","fid","sort") VALUES (?,?,?,?,?) 语句 =>SQLSTATE[42S22]: Column not found: 1054 Unknown column 'ceshi' in 'field list'
2017-09-23 09:40:49 | ::1 | /index.php/admin/content/save.html |预处理语句错误: INSERT INTO "f_buyaoshandiao"  ("ceshi","add_time","pid","fid","sort") VALUES (?,?,?,?,?) 语句 =>SQLSTATE[42S22]: Column not found: 1054 Unknown column 'ceshi' in 'field list'
2017-09-23 09:40:49 | ::1 | /index.php/admin/content/save.html |预处理语句错误: INSERT INTO "f_buyaoshandiao"  ("ceshi","add_time","pid","fid","sort") VALUES (?,?,?,?,?) 语句 =>SQLSTATE[42S22]: Column not found: 1054 Unknown column 'ceshi' in 'field list'
2017-09-23 09:40:49 | ::1 | /index.php/admin/content/save.html |预处理语句错误: INSERT INTO "f_buyaoshandiao"  ("ceshi","add_time","pid","fid","sort") VALUES (?,?,?,?,?) 语句 =>SQLSTATE[42S22]: Column not found: 1054 Unknown column 'ceshi' in 'field list'
2017-09-23 09:40:50 | ::1 | /index.php/admin/content/save.html |预处理语句错误: INSERT INTO "f_buyaoshandiao"  ("ceshi","add_time","pid","fid","sort") VALUES (?,?,?,?,?) 语句 =>SQLSTATE[42S22]: Column not found: 1054 Unknown column 'ceshi' in 'field list'
2017-09-23 09:40:50 | ::1 | /index.php/admin/content/save.html |预处理语句错误: INSERT INTO "f_buyaoshandiao"  ("ceshi","add_time","pid","fid","sort") VALUES (?,?,?,?,?) 语句 =>SQLSTATE[42S22]: Column not found: 1054 Unknown column 'ceshi' in 'field list'
2017-09-23 09:40:50 | ::1 | /index.php/admin/content/save.html |预处理语句错误: INSERT INTO "f_buyaoshandiao"  ("ceshi","add_time","pid","fid","sort") VALUES (?,?,?,?,?) 语句 =>SQLSTATE[42S22]: Column not found: 1054 Unknown column 'ceshi' in 'field list'
2017-09-23 09:40:51 | ::1 | /index.php/admin/content/save.html |预处理语句错误: INSERT INTO "f_buyaoshandiao"  ("ceshi","add_time","pid","fid","sort") VALUES (?,?,?,?,?) 语句 =>SQLSTATE[42S22]: Column not found: 1054 Unknown column 'ceshi' in 'field list'
2017-09-23 09:40:51 | ::1 | /index.php/admin/content/save.html |预处理语句错误: INSERT INTO "f_buyaoshandiao"  ("ceshi","add_time","pid","fid","sort") VALUES (?,?,?,?,?) 语句 =>SQLSTATE[42S22]: Column not found: 1054 Unknown column 'ceshi' in 'field list'
2017-09-23 09:40:51 | ::1 | /index.php/admin/content/save.html |预处理语句错误: INSERT INTO "f_buyaoshandiao"  ("ceshi","add_time","pid","fid","sort") VALUES (?,?,?,?,?) 语句 =>SQLSTATE[42S22]: Column not found: 1054 Unknown column 'ceshi' in 'field list'
2017-09-23 09:40:52 | ::1 | /index.php/admin/content/save.html |预处理语句错误: INSERT INTO "f_buyaoshandiao"  ("ceshi","add_time","pid","fid","sort") VALUES (?,?,?,?,?) 语句 =>SQLSTATE[42S22]: Column not found: 1054 Unknown column 'ceshi' in 'field list'
2017-09-23 09:40:52 | ::1 | /index.php/admin/content/save.html |预处理语句错误: INSERT INTO "f_buyaoshandiao"  ("ceshi","add_time","pid","fid","sort") VALUES (?,?,?,?,?) 语句 =>SQLSTATE[42S22]: Column not found: 1054 Unknown column 'ceshi' in 'field list'
2017-09-23 09:40:52 | ::1 | /index.php/admin/content/save.html |预处理语句错误: INSERT INTO "f_buyaoshandiao"  ("ceshi","add_time","pid","fid","sort") VALUES (?,?,?,?,?) 语句 =>SQLSTATE[42S22]: Column not found: 1054 Unknown column 'ceshi' in 'field list'
2017-09-23 09:40:52 | ::1 | /index.php/admin/content/save.html |预处理语句错误: INSERT INTO "f_buyaoshandiao"  ("ceshi","add_time","pid","fid","sort") VALUES (?,?,?,?,?) 语句 =>SQLSTATE[42S22]: Column not found: 1054 Unknown column 'ceshi' in 'field list'
2017-09-23 09:40:53 | ::1 | /index.php/admin/content/save.html |预处理语句错误: INSERT INTO "f_buyaoshandiao"  ("ceshi","add_time","pid","fid","sort") VALUES (?,?,?,?,?) 语句 =>SQLSTATE[42S22]: Column not found: 1054 Unknown column 'ceshi' in 'field list'
2017-09-23 09:40:53 | ::1 | /index.php/admin/content/save.html |预处理语句错误: INSERT INTO "f_buyaoshandiao"  ("ceshi","add_time","pid","fid","sort") VALUES (?,?,?,?,?) 语句 =>SQLSTATE[42S22]: Column not found: 1054 Unknown column 'ceshi' in 'field list'
2017-09-23 09:40:53 | ::1 | /index.php/admin/content/save.html |预处理语句错误: INSERT INTO "f_buyaoshandiao"  ("ceshi","add_time","pid","fid","sort") VALUES (?,?,?,?,?) 语句 =>SQLSTATE[42S22]: Column not found: 1054 Unknown column 'ceshi' in 'field list'
2017-09-23 09:40:54 | ::1 | /index.php/admin/content/save.html |预处理语句错误: INSERT INTO "f_buyaoshandiao"  ("ceshi","add_time","pid","fid","sort") VALUES (?,?,?,?,?) 语句 =>SQLSTATE[42S22]: Column not found: 1054 Unknown column 'ceshi' in 'field list'
2017-09-23 09:40:54 | ::1 | /index.php/admin/content/save.html |预处理语句错误: INSERT INTO "f_buyaoshandiao"  ("ceshi","add_time","pid","fid","sort") VALUES (?,?,?,?,?) 语句 =>SQLSTATE[42S22]: Column not found: 1054 Unknown column 'ceshi' in 'field list'
2017-09-23 09:40:54 | ::1 | /index.php/admin/content/save.html |预处理语句错误: INSERT INTO "f_buyaoshandiao"  ("ceshi","add_time","pid","fid","sort") VALUES (?,?,?,?,?) 语句 =>SQLSTATE[42S22]: Column not found: 1054 Unknown column 'ceshi' in 'field list'
2017-09-23 09:40:55 | ::1 | /index.php/admin/content/save.html |预处理语句错误: INSERT INTO "f_buyaoshandiao"  ("ceshi","add_time","pid","fid","sort") VALUES (?,?,?,?,?) 语句 =>SQLSTATE[42S22]: Column not found: 1054 Unknown column 'ceshi' in 'field list'
2017-09-23 09:40:55 | ::1 | /index.php/admin/content/save.html |预处理语句错误: INSERT INTO "f_buyaoshandiao"  ("ceshi","add_time","pid","fid","sort") VALUES (?,?,?,?,?) 语句 =>SQLSTATE[42S22]: Column not found: 1054 Unknown column 'ceshi' in 'field list'
2017-09-23 09:40:56 | ::1 | /index.php/admin/content/save.html |预处理语句错误: INSERT INTO "f_buyaoshandiao"  ("ceshi","add_time","pid","fid","sort") VALUES (?,?,?,?,?) 语句 =>SQLSTATE[42S22]: Column not found: 1054 Unknown column 'ceshi' in 'field list'
2017-09-23 09:40:56 | ::1 | /index.php/admin/content/save.html |预处理语句错误: INSERT INTO "f_buyaoshandiao"  ("ceshi","add_time","pid","fid","sort") VALUES (?,?,?,?,?) 语句 =>SQLSTATE[42S22]: Column not found: 1054 Unknown column 'ceshi' in 'field list'
2017-09-23 09:40:56 | ::1 | /index.php/admin/content/save.html |预处理语句错误: INSERT INTO "f_buyaoshandiao"  ("ceshi","add_time","pid","fid","sort") VALUES (?,?,?,?,?) 语句 =>SQLSTATE[42S22]: Column not found: 1054 Unknown column 'ceshi' in 'field list'
2017-09-23 11:01:19 | ::1 | /index.php/admin/section/field_save.html |SQL语句错误: ALTER TABLE `f_lanmuyi` ADD COLUMN `ziduanyi` varchar (50) NOT NULL DEFAULT '';语句 =>SQLSTATE[42S21]: Column already exists: 1060 Duplicate column name 'ziduanyi'
2017-09-23 11:12:06 | ::1 | /index.php/admin/section/field_save.html |SQL语句错误: select * from f_fileld WHERE pid=66语句 =>SQLSTATE[42S02]: Base table or view not found: 1146 Table 'finch.f_fileld' doesn't exist
2017-09-23 11:13:11 | ::1 | /index.php/admin/section/field_save.html |SQL语句错误: select * from f_fileld WHERE pid=66语句 =>SQLSTATE[42S02]: Base table or view not found: 1146 Table 'finch.f_fileld' doesn't exist
2017-09-23 11:13:19 | ::1 | /index.php/admin/section/field_save.html |SQL语句错误: select * from f_fileld WHERE pid=66语句 =>SQLSTATE[42S02]: Base table or view not found: 1146 Table 'finch.f_fileld' doesn't exist
2017-09-23 11:18:17 | ::1 | /index.php/admin/section/field_save.html |SQL语句错误: select * from f_field WHERE pid=66andname='字段一'语句 =>SQLSTATE[42S22]: Column not found: 1054 Unknown column '66andname' in 'where clause'
2017-09-23 11:42:31 | ::1 | /index.php/admin/useradmin/save.html |SQL语句错误: select * from f_admin_user WHERE username='{data['username']}'语句 =>SQLSTATE[42000]: Syntax error or access violation: 1064 You have an error in your SQL syntax; check the manual that corresponds to your MySQL server version for the right syntax to use near 'username']}'' at line 1
2017-09-23 11:44:37 | ::1 | /index.php/admin/useradmin/save.html |预处理语句错误: UPDATE "f_admin_user" SET "username" = ?, "status" = ?, "user_power" = ? WHERE id=14语句 =>SQLSTATE[23000]: Integrity constraint violation: 1062 Duplicate entry 'root' for key 'username'
2017-09-23 11:59:12 | ::1 | /index.php/admin/user/save.html |SQL语句错误: select * from f_user WHERE username='15073157965'andid!=29语句 =>SQLSTATE[42000]: Syntax error or access violation: 1064 You have an error in your SQL syntax; check the manual that corresponds to your MySQL server version for the right syntax to use near 'andid!=29' at line 1
2017-09-23 14:28:51 | ::1 | /index.php/admin |PDO连接错误信息：SQLSTATE[HY000] [1045] Access denied for user 'root'@'localhost' (using password: NO)
2017-09-23 14:50:06 | ::1 | /index.php/admin |SQL语句错误: select * from f_user GROUP BY user_level语句 =>SQLSTATE[42S22]: Column not found: 1054 Unknown column 'user_level' in 'group statement'
2017-09-23 14:50:12 | ::1 | /index.php/admin/user/index.html |SQL语句错误: select name from f_user_level WHERE id= LIMIT 1语句 =>SQLSTATE[42000]: Syntax error or access violation: 1064 You have an error in your SQL syntax; check the manual that corresponds to your MySQL server version for the right syntax to use near 'LIMIT 1' at line 1
2017-09-23 14:50:14 | ::1 | /index.php/admin/user/index.html |SQL语句错误: select name from f_user_level WHERE id= LIMIT 1语句 =>SQLSTATE[42000]: Syntax error or access violation: 1064 You have an error in your SQL syntax; check the manual that corresponds to your MySQL server version for the right syntax to use near 'LIMIT 1' at line 1
2017-09-23 14:50:19 | ::1 | /index.php/admin/user/index.html |SQL语句错误: select name from f_user_level WHERE id= LIMIT 1语句 =>SQLSTATE[42000]: Syntax error or access violation: 1064 You have an error in your SQL syntax; check the manual that corresponds to your MySQL server version for the right syntax to use near 'LIMIT 1' at line 1
2017-09-23 14:57:21 | ::1 | /index.php/admin/user/save.html |SQL语句错误: select * from f_email WHERE email='15073157960@qq.com'语句 =>SQLSTATE[42S22]: Column not found: 1054 Unknown column 'email' in 'where clause'
2017-09-23 14:57:34 | ::1 | /index.php/admin/user/save.html |SQL语句错误: select * from f_email WHERE email='15073157960@qq.com'语句 =>SQLSTATE[42S22]: Column not found: 1054 Unknown column 'email' in 'where clause'
2017-09-23 14:58:18 | ::1 | /index.php/admin/user/save.html |SQL语句错误: select * from f_email WHERE email='15073157960@qq.com'语句 =>SQLSTATE[42S22]: Column not found: 1054 Unknown column 'email' in 'where clause'
