2017-09-20 16:01:33 | ::1 | /index.php |PDOè¿žæŽ¥é”™è¯¯ä¿¡æ¯ï¼šSQLSTATE[HY000] [2002] php_network_getaddresses: getaddrinfo failed: ²»ÖªµÀÕâÑùµÄÖ÷»ú¡£ 
2017-09-20 16:12:38 | ::1 | /index.php/a |defaultåº”ç”¨é‡Œ:controller\a_controller.phpä¸å­˜åœ¨
2017-09-20 16:13:11 | ::1 | /index.php/admin/content/index/pid-44.html |SQLè¯­å¥é”™è¯¯: select * from f_ WHERE 1=1 ORDER BY sort desc,id ascè¯­å¥ =>SQLSTATE[42S02]: Base table or view not found: 1146 Table 'finch.f_' doesn't exist
2017-09-20 16:15:07 | ::1 | /index.php/admin/content/add/pid-46-id-1.html |é¢„å¤„ç†è¯­å¥é”™è¯¯: select * from f_ WHERE id=? LIMIT 1è¯­å¥ =>SQLSTATE[42S02]: Base table or view not found: 1146 Table 'finch.f_' doesn't exist
2017-09-20 16:15:09 | ::1 | /index.php/admin/content/index/pid-46.html |SQLè¯­å¥é”™è¯¯: select * from f_ WHERE 1=1 ORDER BY sort desc,id ascè¯­å¥ =>SQLSTATE[42S02]: Base table or view not found: 1146 Table 'finch.f_' doesn't exist
2017-09-20 16:23:51 | ::1 | /index.php/admin/content/index/pid-47.html |PDOè¿žæŽ¥é”™è¯¯ä¿¡æ¯ï¼šSQLSTATE[HY000] [2002] php_network_getaddresses: getaddrinfo failed: ²»ÖªµÀÕâÑùµÄÖ÷»ú¡£ 
2017-09-20 16:56:25 | ::1 | /index.php/admin/useradmin/add/id-10.html |PDOè¿žæŽ¥é”™è¯¯ä¿¡æ¯ï¼šSQLSTATE[HY000] [2002] php_network_getaddresses: getaddrinfo failed: ²»ÖªµÀÕâÑùµÄÖ÷»ú¡£ 
2017-09-20 18:12:51 | ::1 | /index.php/default/api |defaultåº”ç”¨é‡Œ:controller\api_controller.php æ–‡ä»¶ä¸­ä¸å­˜åœ¨ index æ–¹æ³•
2017-09-20 18:13:13 | ::1 | /index.php/default/api |defaultåº”ç”¨é‡Œ:controller\api_controller.php æ–‡ä»¶ä¸­ä¸å­˜åœ¨ index æ–¹æ³•
2017-09-20 18:15:47 | ::1 | /index.php/default/api |defaultåº”ç”¨é‡Œ:controller\api_controller.php æ–‡ä»¶ä¸­ä¸å­˜åœ¨ index æ–¹æ³•
2017-09-20 18:46:11 | ::1 | /index.php/default/api |defaultåº”ç”¨é‡Œ:controller\api_controller.php æ–‡ä»¶ä¸­ä¸å­˜åœ¨ index æ–¹æ³•
2017-09-20 20:53:38 | ::1 | /index.php/admin/content/index/pid-51.html |PDOè¿žæŽ¥é”™è¯¯ä¿¡æ¯ï¼šSQLSTATE[HY000] [2002] php_network_getaddresses: getaddrinfo failed: ²»ÖªµÀÕâÑùµÄÖ÷»ú¡£ 
2017-09-20 20:53:40 | ::1 | /index.php/admin/content/index/pid-51.html |PDOè¿žæŽ¥é”™è¯¯ä¿¡æ¯ï¼šSQLSTATE[HY000] [2002] php_network_getaddresses: getaddrinfo failed: ²»ÖªµÀÕâÑùµÄÖ÷»ú¡£ 
2017-09-20 20:53:43 | ::1 | /index.php/admin/content/index/pid-51.html |PDOè¿žæŽ¥é”™è¯¯ä¿¡æ¯ï¼šSQLSTATE[HY000] [2002] php_network_getaddresses: getaddrinfo failed: ²»ÖªµÀÕâÑùµÄÖ÷»ú¡£ 
2017-09-20 20:53:45 | ::1 | /index.php/admin/content/index/pid-51.html |PDOè¿žæŽ¥é”™è¯¯ä¿¡æ¯ï¼šSQLSTATE[HY000] [2002] php_network_getaddresses: getaddrinfo failed: ²»ÖªµÀÕâÑùµÄÖ÷»ú¡£ 
2017-09-20 20:53:47 | ::1 | /index.php/admin/content/index/pid-51.html |PDOè¿žæŽ¥é”™è¯¯ä¿¡æ¯ï¼šSQLSTATE[HY000] [2002] php_network_getaddresses: getaddrinfo failed: ²»ÖªµÀÕâÑùµÄÖ÷»ú¡£ 
2017-09-20 20:53:50 | ::1 | /index.php/admin/content/index/pid-51.html |PDOè¿žæŽ¥é”™è¯¯ä¿¡æ¯ï¼šSQLSTATE[HY000] [2002] php_network_getaddresses: getaddrinfo failed: ²»ÖªµÀÕâÑùµÄÖ÷»ú¡£ 
2017-09-20 20:53:58 | ::1 | /index.php/admin/content/index/pid-51.html |SQLè¯­å¥é”™è¯¯: select * from f_ WHERE 1=1 ORDER BY sort desc,id ascè¯­å¥ =>SQLSTATE[42S02]: Base table or view not found: 1146 Table 'finch.f_' doesn't exist
2017-09-20 20:54:01 | ::1 | /index.php/admin/content/index/pid-51.html |SQLè¯­å¥é”™è¯¯: select * from f_ WHERE 1=1 ORDER BY sort desc,id ascè¯­å¥ =>SQLSTATE[42S02]: Base table or view not found: 1146 Table 'finch.f_' doesn't exist
2017-09-20 21:41:43 | ::1 | /index.php/admin/user/user/index |adminåº”ç”¨é‡Œ:controller\user_controller.php æ–‡ä»¶ä¸­ä¸å­˜åœ¨ user æ–¹æ³•
2017-09-20 21:42:04 | ::1 | /index.php/admin/user/user/index |adminåº”ç”¨é‡Œ:controller\user_controller.php æ–‡ä»¶ä¸­ä¸å­˜åœ¨ user æ–¹æ³•
2017-09-20 21:55:15 | ::1 | /index.php/admin/use/save.html |adminåº”ç”¨é‡Œ:controller\use_controller.phpä¸å­˜åœ¨
2017-09-20 22:03:22 | ::1 | /index.php/admin/user/edit.html |PDOè¿žæŽ¥é”™è¯¯ä¿¡æ¯ï¼šSQLSTATE[HY000] [2002] php_network_getaddresses: getaddrinfo failed: ²»ÖªµÀÕâÑùµÄÖ÷»ú¡£ 
2017-09-20 22:03:25 | ::1 | /index.php/admin/user/edit.html |PDOè¿žæŽ¥é”™è¯¯ä¿¡æ¯ï¼šSQLSTATE[HY000] [2002] php_network_getaddresses: getaddrinfo failed: ²»ÖªµÀÕâÑùµÄÖ÷»ú¡£ 
2017-09-20 22:04:05 | ::1 | /index.php/admin/user/index.html |PDOè¿žæŽ¥é”™è¯¯ä¿¡æ¯ï¼šSQLSTATE[HY000] [2002] php_network_getaddresses: getaddrinfo failed: ²»ÖªµÀÕâÑùµÄÖ÷»ú¡£ 
2017-09-20 22:04:06 | ::1 | /index.php/admin |PDOè¿žæŽ¥é”™è¯¯ä¿¡æ¯ï¼šSQLSTATE[HY000] [2002] php_network_getaddresses: getaddrinfo failed: ²»ÖªµÀÕâÑùµÄÖ÷»ú¡£ 
2017-09-20 22:04:06 | ::1 | /index.php/admin/user/index.html |PDOè¿žæŽ¥é”™è¯¯ä¿¡æ¯ï¼šSQLSTATE[HY000] [2002] php_network_getaddresses: getaddrinfo failed: ²»ÖªµÀÕâÑùµÄÖ÷»ú¡£ 
2017-09-20 22:04:14 | ::1 | /index.php/admin |PDOè¿žæŽ¥é”™è¯¯ä¿¡æ¯ï¼šSQLSTATE[HY000] [2002] php_network_getaddresses: getaddrinfo failed: ²»ÖªµÀÕâÑùµÄÖ÷»ú¡£ 
2017-09-20 22:04:38 | ::1 | /index.php/admin |PDOè¿žæŽ¥é”™è¯¯ä¿¡æ¯ï¼šSQLSTATE[HY000] [2002] php_network_getaddresses: getaddrinfo failed: ²»ÖªµÀÕâÑùµÄÖ÷»ú¡£ 
2017-09-20 22:04:38 | ::1 | /index.php/admin |PDOè¿žæŽ¥é”™è¯¯ä¿¡æ¯ï¼šSQLSTATE[HY000] [2002] php_network_getaddresses: getaddrinfo failed: ²»ÖªµÀÕâÑùµÄÖ÷»ú¡£ 
2017-09-20 22:04:39 | ::1 | /index.php/admin |PDOè¿žæŽ¥é”™è¯¯ä¿¡æ¯ï¼šSQLSTATE[HY000] [2002] php_network_getaddresses: getaddrinfo failed: ²»ÖªµÀÕâÑùµÄÖ÷»ú¡£ 
2017-09-20 22:04:39 | ::1 | /index.php/admin |PDOè¿žæŽ¥é”™è¯¯ä¿¡æ¯ï¼šSQLSTATE[HY000] [2002] php_network_getaddresses: getaddrinfo failed: ²»ÖªµÀÕâÑùµÄÖ÷»ú¡£ 
2017-09-20 22:04:39 | ::1 | /index.php/admin |PDOè¿žæŽ¥é”™è¯¯ä¿¡æ¯ï¼šSQLSTATE[HY000] [2002] php_network_getaddresses: getaddrinfo failed: ²»ÖªµÀÕâÑùµÄÖ÷»ú¡£ 
2017-09-20 22:04:39 | ::1 | /index.php/admin |PDOè¿žæŽ¥é”™è¯¯ä¿¡æ¯ï¼šSQLSTATE[HY000] [2002] php_network_getaddresses: getaddrinfo failed: ²»ÖªµÀÕâÑùµÄÖ÷»ú¡£ 
2017-09-20 22:05:22 | ::1 | /index.php/admin/user/save.html |PDOè¿žæŽ¥é”™è¯¯ä¿¡æ¯ï¼šSQLSTATE[HY000] [2002] php_network_getaddresses: getaddrinfo failed: ²»ÖªµÀÕâÑùµÄÖ÷»ú¡£ 
2017-09-20 22:05:23 | ::1 | /index.php/admin/user/edit.html |PDOè¿žæŽ¥é”™è¯¯ä¿¡æ¯ï¼šSQLSTATE[HY000] [2002] php_network_getaddresses: getaddrinfo failed: ²»ÖªµÀÕâÑùµÄÖ÷»ú¡£ 
2017-09-20 22:05:24 | ::1 | /index.php/admin/user/edit.html |PDOè¿žæŽ¥é”™è¯¯ä¿¡æ¯ï¼šSQLSTATE[HY000] [2002] php_network_getaddresses: getaddrinfo failed: ²»ÖªµÀÕâÑùµÄÖ÷»ú¡£ 
2017-09-20 22:05:25 | ::1 | /index.php/admin/user/index.html |PDOè¿žæŽ¥é”™è¯¯ä¿¡æ¯ï¼šSQLSTATE[HY000] [2002] php_network_getaddresses: getaddrinfo failed: ²»ÖªµÀÕâÑùµÄÖ÷»ú¡£ 
2017-09-20 22:31:38 | ::1 | /index.php/admin/useradmin/add.html |C:/xampp/htdocs\app\admin\template\\useradmin\add.html æ¨¡æ¿ä¸å­˜åœ¨
2017-09-20 22:32:01 | ::1 | /index.php/admin/useradmin/add.html |C:/xampp/htdocs\app\admin\template\\useradmin\add.html æ¨¡æ¿ä¸å­˜åœ¨
2017-09-20 22:59:52 | ::1 | /index.php/admin/useradmin/save.html |SQLè¯­å¥é”™è¯¯: select * from f_admin_user WHERE username=æµ‹è¯•5è¯­å¥ =>SQLSTATE[42S22]: Column not found: 1054 Unknown column 'æµ‹è¯•5' in 'where clause'
2017-09-20 22:59:54 | ::1 | /index.php/admin/useradmin/save.html |SQLè¯­å¥é”™è¯¯: select * from f_admin_user WHERE username=æµ‹è¯•5è¯­å¥ =>SQLSTATE[42S22]: Column not found: 1054 Unknown column 'æµ‹è¯•5' in 'where clause'
2017-09-20 22:59:54 | ::1 | /index.php/admin/useradmin/save.html |SQLè¯­å¥é”™è¯¯: select * from f_admin_user WHERE username=æµ‹è¯•5è¯­å¥ =>SQLSTATE[42S22]: Column not found: 1054 Unknown column 'æµ‹è¯•5' in 'where clause'
2017-09-20 22:59:54 | ::1 | /index.php/admin/useradmin/save.html |SQLè¯­å¥é”™è¯¯: select * from f_admin_user WHERE username=æµ‹è¯•5è¯­å¥ =>SQLSTATE[42S22]: Column not found: 1054 Unknown column 'æµ‹è¯•5' in 'where clause'
2017-09-20 22:59:54 | ::1 | /index.php/admin/useradmin/save.html |SQLè¯­å¥é”™è¯¯: select * from f_admin_user WHERE username=æµ‹è¯•5è¯­å¥ =>SQLSTATE[42S22]: Column not found: 1054 Unknown column 'æµ‹è¯•5' in 'where clause'
2017-09-20 22:59:55 | ::1 | /index.php/admin/useradmin/save.html |SQLè¯­å¥é”™è¯¯: select * from f_admin_user WHERE username=æµ‹è¯•5è¯­å¥ =>SQLSTATE[42S22]: Column not found: 1054 Unknown column 'æµ‹è¯•5' in 'where clause'
2017-09-20 22:59:55 | ::1 | /index.php/admin/useradmin/save.html |SQLè¯­å¥é”™è¯¯: select * from f_admin_user WHERE username=æµ‹è¯•5è¯­å¥ =>SQLSTATE[42S22]: Column not found: 1054 Unknown column 'æµ‹è¯•5' in 'where clause'
2017-09-20 22:59:56 | ::1 | /index.php/admin/useradmin/save.html |SQLè¯­å¥é”™è¯¯: select * from f_admin_user WHERE username=æµ‹è¯•5è¯­å¥ =>SQLSTATE[42S22]: Column not found: 1054 Unknown column 'æµ‹è¯•5' in 'where clause'
2017-09-20 22:59:56 | ::1 | /index.php/admin/useradmin/save.html |SQLè¯­å¥é”™è¯¯: select * from f_admin_user WHERE username=æµ‹è¯•5è¯­å¥ =>SQLSTATE[42S22]: Column not found: 1054 Unknown column 'æµ‹è¯•5' in 'where clause'
2017-09-20 22:59:56 | ::1 | /index.php/admin/useradmin/save.html |SQLè¯­å¥é”™è¯¯: select * from f_admin_user WHERE username=æµ‹è¯•5è¯­å¥ =>SQLSTATE[42S22]: Column not found: 1054 Unknown column 'æµ‹è¯•5' in 'where clause'
2017-09-20 22:59:56 | ::1 | /index.php/admin/useradmin/save.html |SQLè¯­å¥é”™è¯¯: select * from f_admin_user WHERE username=æµ‹è¯•5è¯­å¥ =>SQLSTATE[42S22]: Column not found: 1054 Unknown column 'æµ‹è¯•5' in 'where clause'
2017-09-20 23:00:14 | ::1 | /index.php/admin/useradmin/save.html |é¢„å¤„ç†è¯­å¥é”™è¯¯: INSERT INTO "f_admin_user"  ("username","password","user_power","status","create_time","last_login_time","last_login_ip") VALUES (?,?,?,?,?,?,?) è¯­å¥ =>SQLSTATE[23000]: Integrity constraint violation: 1062 Duplicate entry 'æµ‹è¯•5' for key 'username'
2017-09-20 23:00:14 | ::1 | /index.php/admin/useradmin/save.html |é¢„å¤„ç†è¯­å¥é”™è¯¯: INSERT INTO "f_admin_user"  ("username","password","user_power","status","create_time","last_login_time","last_login_ip") VALUES (?,?,?,?,?,?,?) è¯­å¥ =>SQLSTATE[23000]: Integrity constraint violation: 1062 Duplicate entry 'æµ‹è¯•5' for key 'username'
2017-09-20 23:00:14 | ::1 | /index.php/admin/useradmin/save.html |é¢„å¤„ç†è¯­å¥é”™è¯¯: INSERT INTO "f_admin_user"  ("username","password","user_power","status","create_time","last_login_time","last_login_ip") VALUES (?,?,?,?,?,?,?) è¯­å¥ =>SQLSTATE[23000]: Integrity constraint violation: 1062 Duplicate entry 'æµ‹è¯•5' for key 'username'
2017-09-20 23:00:15 | ::1 | /index.php/admin/useradmin/save.html |é¢„å¤„ç†è¯­å¥é”™è¯¯: INSERT INTO "f_admin_user"  ("username","password","user_power","status","create_time","last_login_time","last_login_ip") VALUES (?,?,?,?,?,?,?) è¯­å¥ =>SQLSTATE[23000]: Integrity constraint violation: 1062 Duplicate entry 'æµ‹è¯•5' for key 'username'
2017-09-20 23:00:15 | ::1 | /index.php/admin/useradmin/save.html |é¢„å¤„ç†è¯­å¥é”™è¯¯: INSERT INTO "f_admin_user"  ("username","password","user_power","status","create_time","last_login_time","last_login_ip") VALUES (?,?,?,?,?,?,?) è¯­å¥ =>SQLSTATE[23000]: Integrity constraint violation: 1062 Duplicate entry 'æµ‹è¯•5' for key 'username'
2017-09-20 23:00:16 | ::1 | /index.php/admin/useradmin/save.html |é¢„å¤„ç†è¯­å¥é”™è¯¯: INSERT INTO "f_admin_user"  ("username","password","user_power","status","create_time","last_login_time","last_login_ip") VALUES (?,?,?,?,?,?,?) è¯­å¥ =>SQLSTATE[23000]: Integrity constraint violation: 1062 Duplicate entry 'æµ‹è¯•5' for key 'username'
2017-09-20 23:00:16 | ::1 | /index.php/admin/useradmin/save.html |é¢„å¤„ç†è¯­å¥é”™è¯¯: INSERT INTO "f_admin_user"  ("username","password","user_power","status","create_time","last_login_time","last_login_ip") VALUES (?,?,?,?,?,?,?) è¯­å¥ =>SQLSTATE[23000]: Integrity constraint violation: 1062 Duplicate entry 'æµ‹è¯•5' for key 'username'
2017-09-20 23:00:54 | ::1 | /index.php/admin/useradmin/save.html |é¢„å¤„ç†è¯­å¥é”™è¯¯: INSERT INTO "f_admin_user"  ("username","password","user_power","status","create_time","last_login_time","last_login_ip") VALUES (?,?,?,?,?,?,?) è¯­å¥ =>SQLSTATE[23000]: Integrity constraint violation: 1062 Duplicate entry 'æµ‹è¯•' for key 'username'
2017-09-20 23:00:54 | ::1 | /index.php/admin/useradmin/save.html |é¢„å¤„ç†è¯­å¥é”™è¯¯: INSERT INTO "f_admin_user"  ("username","password","user_power","status","create_time","last_login_time","last_login_ip") VALUES (?,?,?,?,?,?,?) è¯­å¥ =>SQLSTATE[23000]: Integrity constraint violation: 1062 Duplicate entry 'æµ‹è¯•' for key 'username'
2017-09-20 23:00:54 | ::1 | /index.php/admin/useradmin/save.html |é¢„å¤„ç†è¯­å¥é”™è¯¯: INSERT INTO "f_admin_user"  ("username","password","user_power","status","create_time","last_login_time","last_login_ip") VALUES (?,?,?,?,?,?,?) è¯­å¥ =>SQLSTATE[23000]: Integrity constraint violation: 1062 Duplicate entry 'æµ‹è¯•' for key 'username'
2017-09-20 23:00:55 | ::1 | /index.php/admin/useradmin/save.html |é¢„å¤„ç†è¯­å¥é”™è¯¯: INSERT INTO "f_admin_user"  ("username","password","user_power","status","create_time","last_login_time","last_login_ip") VALUES (?,?,?,?,?,?,?) è¯­å¥ =>SQLSTATE[23000]: Integrity constraint violation: 1062 Duplicate entry 'æµ‹è¯•' for key 'username'
2017-09-20 23:00:55 | ::1 | /index.php/admin/useradmin/save.html |é¢„å¤„ç†è¯­å¥é”™è¯¯: INSERT INTO "f_admin_user"  ("username","password","user_power","status","create_time","last_login_time","last_login_ip") VALUES (?,?,?,?,?,?,?) è¯­å¥ =>SQLSTATE[23000]: Integrity constraint violation: 1062 Duplicate entry 'æµ‹è¯•' for key 'username'
2017-09-20 23:00:55 | ::1 | /index.php/admin/useradmin/save.html |é¢„å¤„ç†è¯­å¥é”™è¯¯: INSERT INTO "f_admin_user"  ("username","password","user_power","status","create_time","last_login_time","last_login_ip") VALUES (?,?,?,?,?,?,?) è¯­å¥ =>SQLSTATE[23000]: Integrity constraint violation: 1062 Duplicate entry 'æµ‹è¯•' for key 'username'
2017-09-20 23:00:55 | ::1 | /index.php/admin/useradmin/save.html |é¢„å¤„ç†è¯­å¥é”™è¯¯: INSERT INTO "f_admin_user"  ("username","password","user_power","status","create_time","last_login_time","last_login_ip") VALUES (?,?,?,?,?,?,?) è¯­å¥ =>SQLSTATE[23000]: Integrity constraint violation: 1062 Duplicate entry 'æµ‹è¯•' for key 'username'
2017-09-20 23:00:55 | ::1 | /index.php/admin/useradmin/save.html |é¢„å¤„ç†è¯­å¥é”™è¯¯: INSERT INTO "f_admin_user"  ("username","password","user_power","status","create_time","last_login_time","last_login_ip") VALUES (?,?,?,?,?,?,?) è¯­å¥ =>SQLSTATE[23000]: Integrity constraint violation: 1062 Duplicate entry 'æµ‹è¯•' for key 'username'
2017-09-20 23:00:56 | ::1 | /index.php/admin/useradmin/save.html |é¢„å¤„ç†è¯­å¥é”™è¯¯: INSERT INTO "f_admin_user"  ("username","password","user_power","status","create_time","last_login_time","last_login_ip") VALUES (?,?,?,?,?,?,?) è¯­å¥ =>SQLSTATE[23000]: Integrity constraint violation: 1062 Duplicate entry 'æµ‹è¯•' for key 'username'
2017-09-20 23:00:56 | ::1 | /index.php/admin/useradmin/save.html |é¢„å¤„ç†è¯­å¥é”™è¯¯: INSERT INTO "f_admin_user"  ("username","password","user_power","status","create_time","last_login_time","last_login_ip") VALUES (?,?,?,?,?,?,?) è¯­å¥ =>SQLSTATE[23000]: Integrity constraint violation: 1062 Duplicate entry 'æµ‹è¯•' for key 'username'
2017-09-20 23:00:56 | ::1 | /index.php/admin/useradmin/save.html |é¢„å¤„ç†è¯­å¥é”™è¯¯: INSERT INTO "f_admin_user"  ("username","password","user_power","status","create_time","last_login_time","last_login_ip") VALUES (?,?,?,?,?,?,?) è¯­å¥ =>SQLSTATE[23000]: Integrity constraint violation: 1062 Duplicate entry 'æµ‹è¯•' for key 'username'
2017-09-20 23:00:56 | ::1 | /index.php/admin/useradmin/save.html |é¢„å¤„ç†è¯­å¥é”™è¯¯: INSERT INTO "f_admin_user"  ("username","password","user_power","status","create_time","last_login_time","last_login_ip") VALUES (?,?,?,?,?,?,?) è¯­å¥ =>SQLSTATE[23000]: Integrity constraint violation: 1062 Duplicate entry 'æµ‹è¯•' for key 'username'
2017-09-20 23:10:53 | ::1 | /index.php/admin/useradmin/index.html |PDOè¿žæŽ¥é”™è¯¯ä¿¡æ¯ï¼šSQLSTATE[HY000] [2002] php_network_getaddresses: getaddrinfo failed: ²»ÖªµÀÕâÑùµÄÖ÷»ú¡£ 
2017-09-20 23:11:04 | ::1 | /index.php/admin/useradmin/index.html |PDOè¿žæŽ¥é”™è¯¯ä¿¡æ¯ï¼šSQLSTATE[HY000] [2002] php_network_getaddresses: getaddrinfo failed: ²»ÖªµÀÕâÑùµÄÖ÷»ú¡£ 
2017-09-20 23:11:07 | ::1 | /index.php/admin/user/edit.html |PDOè¿žæŽ¥é”™è¯¯ä¿¡æ¯ï¼šSQLSTATE[HY000] [2002] php_network_getaddresses: getaddrinfo failed: ²»ÖªµÀÕâÑùµÄÖ÷»ú¡£ 
2017-09-20 23:12:33 | ::1 | /index.php/admin/useradmin/save.html |é¢„å¤„ç†è¯­å¥é”™è¯¯: INSERT INTO "f_admin_user"  ("username","password","user_power","status","create_time","last_login_time","last_login_ip") VALUES (?,?,?,?,?,?,?) è¯­å¥ =>SQLSTATE[23000]: Integrity constraint violation: 1062 Duplicate entry 'cs' for key 'username'
2017-09-20 23:12:34 | ::1 | /index.php/admin/useradmin/save.html |é¢„å¤„ç†è¯­å¥é”™è¯¯: INSERT INTO "f_admin_user"  ("username","password","user_power","status","create_time","last_login_time","last_login_ip") VALUES (?,?,?,?,?,?,?) è¯­å¥ =>SQLSTATE[23000]: Integrity constraint violation: 1062 Duplicate entry 'cs' for key 'username'
2017-09-20 23:12:35 | ::1 | /index.php/admin/useradmin/save.html |é¢„å¤„ç†è¯­å¥é”™è¯¯: INSERT INTO "f_admin_user"  ("username","password","user_power","status","create_time","last_login_time","last_login_ip") VALUES (?,?,?,?,?,?,?) è¯­å¥ =>SQLSTATE[23000]: Integrity constraint violation: 1062 Duplicate entry 'cs' for key 'username'
2017-09-20 23:12:35 | ::1 | /index.php/admin/useradmin/save.html |é¢„å¤„ç†è¯­å¥é”™è¯¯: INSERT INTO "f_admin_user"  ("username","password","user_power","status","create_time","last_login_time","last_login_ip") VALUES (?,?,?,?,?,?,?) è¯­å¥ =>SQLSTATE[23000]: Integrity constraint violation: 1062 Duplicate entry 'cs' for key 'username'
2017-09-20 23:13:31 | ::1 | /index.php/admin/useradmin/save.html |é¢„å¤„ç†è¯­å¥é”™è¯¯: INSERT INTO "f_admin_user"  ("username","password","user_power","status","create_time","last_login_time","last_login_ip") VALUES (?,?,?,?,?,?,?) è¯­å¥ =>SQLSTATE[23000]: Integrity constraint violation: 1062 Duplicate entry 'æµ‹è¯•' for key 'username'
2017-09-20 23:13:31 | ::1 | /index.php/admin/useradmin/save.html |é¢„å¤„ç†è¯­å¥é”™è¯¯: INSERT INTO "f_admin_user"  ("username","password","user_power","status","create_time","last_login_time","last_login_ip") VALUES (?,?,?,?,?,?,?) è¯­å¥ =>SQLSTATE[23000]: Integrity constraint violation: 1062 Duplicate entry 'æµ‹è¯•' for key 'username'
2017-09-20 23:13:31 | ::1 | /index.php/admin/useradmin/save.html |é¢„å¤„ç†è¯­å¥é”™è¯¯: INSERT INTO "f_admin_user"  ("username","password","user_power","status","create_time","last_login_time","last_login_ip") VALUES (?,?,?,?,?,?,?) è¯­å¥ =>SQLSTATE[23000]: Integrity constraint violation: 1062 Duplicate entry 'æµ‹è¯•' for key 'username'
2017-09-20 23:13:38 | ::1 | /index.php/admin/useradmin/save.html |é¢„å¤„ç†è¯­å¥é”™è¯¯: INSERT INTO "f_admin_user"  ("username","password","user_power","status","create_time","last_login_time","last_login_ip") VALUES (?,?,?,?,?,?,?) è¯­å¥ =>SQLSTATE[23000]: Integrity constraint violation: 1062 Duplicate entry 'æµ‹è¯•' for key 'username'
2017-09-20 23:13:38 | ::1 | /index.php/admin/useradmin/save.html |é¢„å¤„ç†è¯­å¥é”™è¯¯: INSERT INTO "f_admin_user"  ("username","password","user_power","status","create_time","last_login_time","last_login_ip") VALUES (?,?,?,?,?,?,?) è¯­å¥ =>SQLSTATE[23000]: Integrity constraint violation: 1062 Duplicate entry 'æµ‹è¯•' for key 'username'
2017-09-20 23:13:39 | ::1 | /index.php/admin/useradmin/save.html |é¢„å¤„ç†è¯­å¥é”™è¯¯: INSERT INTO "f_admin_user"  ("username","password","user_power","status","create_time","last_login_time","last_login_ip") VALUES (?,?,?,?,?,?,?) è¯­å¥ =>SQLSTATE[23000]: Integrity constraint violation: 1062 Duplicate entry 'æµ‹è¯•' for key 'username'
2017-09-20 23:13:40 | ::1 | /index.php/admin/useradmin/save.html |é¢„å¤„ç†è¯­å¥é”™è¯¯: INSERT INTO "f_admin_user"  ("username","password","user_power","status","create_time","last_login_time","last_login_ip") VALUES (?,?,?,?,?,?,?) è¯­å¥ =>SQLSTATE[23000]: Integrity constraint violation: 1062 Duplicate entry 'æµ‹è¯•' for key 'username'
2017-09-20 23:13:40 | ::1 | /index.php/admin/useradmin/save.html |é¢„å¤„ç†è¯­å¥é”™è¯¯: INSERT INTO "f_admin_user"  ("username","password","user_power","status","create_time","last_login_time","last_login_ip") VALUES (?,?,?,?,?,?,?) è¯­å¥ =>SQLSTATE[23000]: Integrity constraint violation: 1062 Duplicate entry 'æµ‹è¯•' for key 'username'
2017-09-20 23:13:40 | ::1 | /index.php/admin/useradmin/save.html |é¢„å¤„ç†è¯­å¥é”™è¯¯: INSERT INTO "f_admin_user"  ("username","password","user_power","status","create_time","last_login_time","last_login_ip") VALUES (?,?,?,?,?,?,?) è¯­å¥ =>SQLSTATE[23000]: Integrity constraint violation: 1062 Duplicate entry 'æµ‹è¯•' for key 'username'
2017-09-20 23:13:40 | ::1 | /index.php/admin/useradmin/save.html |é¢„å¤„ç†è¯­å¥é”™è¯¯: INSERT INTO "f_admin_user"  ("username","password","user_power","status","create_time","last_login_time","last_login_ip") VALUES (?,?,?,?,?,?,?) è¯­å¥ =>SQLSTATE[23000]: Integrity constraint violation: 1062 Duplicate entry 'æµ‹è¯•' for key 'username'
2017-09-20 23:13:41 | ::1 | /index.php/admin/useradmin/save.html |é¢„å¤„ç†è¯­å¥é”™è¯¯: INSERT INTO "f_admin_user"  ("username","password","user_power","status","create_time","last_login_time","last_login_ip") VALUES (?,?,?,?,?,?,?) è¯­å¥ =>SQLSTATE[23000]: Integrity constraint violation: 1062 Duplicate entry 'æµ‹è¯•' for key 'username'
2017-09-20 23:13:41 | ::1 | /index.php/admin/useradmin/save.html |é¢„å¤„ç†è¯­å¥é”™è¯¯: INSERT INTO "f_admin_user"  ("username","password","user_power","status","create_time","last_login_time","last_login_ip") VALUES (?,?,?,?,?,?,?) è¯­å¥ =>SQLSTATE[23000]: Integrity constraint violation: 1062 Duplicate entry 'æµ‹è¯•' for key 'username'
2017-09-20 23:13:41 | ::1 | /index.php/admin/useradmin/save.html |é¢„å¤„ç†è¯­å¥é”™è¯¯: INSERT INTO "f_admin_user"  ("username","password","user_power","status","create_time","last_login_time","last_login_ip") VALUES (?,?,?,?,?,?,?) è¯­å¥ =>SQLSTATE[23000]: Integrity constraint violation: 1062 Duplicate entry 'æµ‹è¯•' for key 'username'
2017-09-20 23:13:41 | ::1 | /index.php/admin/useradmin/save.html |é¢„å¤„ç†è¯­å¥é”™è¯¯: INSERT INTO "f_admin_user"  ("username","password","user_power","status","create_time","last_login_time","last_login_ip") VALUES (?,?,?,?,?,?,?) è¯­å¥ =>SQLSTATE[23000]: Integrity constraint violation: 1062 Duplicate entry 'æµ‹è¯•' for key 'username'
2017-09-20 23:13:42 | ::1 | /index.php/admin/useradmin/save.html |é¢„å¤„ç†è¯­å¥é”™è¯¯: INSERT INTO "f_admin_user"  ("username","password","user_power","status","create_time","last_login_time","last_login_ip") VALUES (?,?,?,?,?,?,?) è¯­å¥ =>SQLSTATE[23000]: Integrity constraint violation: 1062 Duplicate entry 'æµ‹è¯•' for key 'username'
2017-09-20 23:13:42 | ::1 | /index.php/admin/useradmin/save.html |é¢„å¤„ç†è¯­å¥é”™è¯¯: INSERT INTO "f_admin_user"  ("username","password","user_power","status","create_time","last_login_time","last_login_ip") VALUES (?,?,?,?,?,?,?) è¯­å¥ =>SQLSTATE[23000]: Integrity constraint violation: 1062 Duplicate entry 'æµ‹è¯•' for key 'username'
2017-09-20 23:13:42 | ::1 | /index.php/admin/useradmin/save.html |é¢„å¤„ç†è¯­å¥é”™è¯¯: INSERT INTO "f_admin_user"  ("username","password","user_power","status","create_time","last_login_time","last_login_ip") VALUES (?,?,?,?,?,?,?) è¯­å¥ =>SQLSTATE[23000]: Integrity constraint violation: 1062 Duplicate entry 'æµ‹è¯•' for key 'username'
2017-09-20 23:13:42 | ::1 | /index.php/admin/useradmin/save.html |é¢„å¤„ç†è¯­å¥é”™è¯¯: INSERT INTO "f_admin_user"  ("username","password","user_power","status","create_time","last_login_time","last_login_ip") VALUES (?,?,?,?,?,?,?) è¯­å¥ =>SQLSTATE[23000]: Integrity constraint violation: 1062 Duplicate entry 'æµ‹è¯•' for key 'username'
2017-09-20 23:13:42 | ::1 | /index.php/admin/useradmin/save.html |é¢„å¤„ç†è¯­å¥é”™è¯¯: INSERT INTO "f_admin_user"  ("username","password","user_power","status","create_time","last_login_time","last_login_ip") VALUES (?,?,?,?,?,?,?) è¯­å¥ =>SQLSTATE[23000]: Integrity constraint violation: 1062 Duplicate entry 'æµ‹è¯•' for key 'username'
2017-09-20 23:13:43 | ::1 | /index.php/admin/useradmin/save.html |é¢„å¤„ç†è¯­å¥é”™è¯¯: INSERT INTO "f_admin_user"  ("username","password","user_power","status","create_time","last_login_time","last_login_ip") VALUES (?,?,?,?,?,?,?) è¯­å¥ =>SQLSTATE[23000]: Integrity constraint violation: 1062 Duplicate entry 'æµ‹è¯•' for key 'username'
2017-09-20 23:13:43 | ::1 | /index.php/admin/useradmin/save.html |é¢„å¤„ç†è¯­å¥é”™è¯¯: INSERT INTO "f_admin_user"  ("username","password","user_power","status","create_time","last_login_time","last_login_ip") VALUES (?,?,?,?,?,?,?) è¯­å¥ =>SQLSTATE[23000]: Integrity constraint violation: 1062 Duplicate entry 'æµ‹è¯•' for key 'username'
2017-09-20 23:13:43 | ::1 | /index.php/admin/useradmin/save.html |é¢„å¤„ç†è¯­å¥é”™è¯¯: INSERT INTO "f_admin_user"  ("username","password","user_power","status","create_time","last_login_time","last_login_ip") VALUES (?,?,?,?,?,?,?) è¯­å¥ =>SQLSTATE[23000]: Integrity constraint violation: 1062 Duplicate entry 'æµ‹è¯•' for key 'username'
2017-09-20 23:13:43 | ::1 | /index.php/admin/useradmin/save.html |é¢„å¤„ç†è¯­å¥é”™è¯¯: INSERT INTO "f_admin_user"  ("username","password","user_power","status","create_time","last_login_time","last_login_ip") VALUES (?,?,?,?,?,?,?) è¯­å¥ =>SQLSTATE[23000]: Integrity constraint violation: 1062 Duplicate entry 'æµ‹è¯•' for key 'username'
2017-09-20 23:13:43 | ::1 | /index.php/admin/useradmin/save.html |é¢„å¤„ç†è¯­å¥é”™è¯¯: INSERT INTO "f_admin_user"  ("username","password","user_power","status","create_time","last_login_time","last_login_ip") VALUES (?,?,?,?,?,?,?) è¯­å¥ =>SQLSTATE[23000]: Integrity constraint violation: 1062 Duplicate entry 'æµ‹è¯•' for key 'username'
2017-09-20 23:13:58 | ::1 | /index.php/admin/useradmin/save.html |é¢„å¤„ç†è¯­å¥é”™è¯¯: INSERT INTO "f_admin_user"  ("username","password","user_power","status","create_time","last_login_time","last_login_ip") VALUES (?,?,?,?,?,?,?) è¯­å¥ =>SQLSTATE[23000]: Integrity constraint violation: 1062 Duplicate entry 'æµ‹è¯•' for key 'username'
2017-09-20 23:13:59 | ::1 | /index.php/admin/useradmin/save.html |é¢„å¤„ç†è¯­å¥é”™è¯¯: INSERT INTO "f_admin_user"  ("username","password","user_power","status","create_time","last_login_time","last_login_ip") VALUES (?,?,?,?,?,?,?) è¯­å¥ =>SQLSTATE[23000]: Integrity constraint violation: 1062 Duplicate entry 'æµ‹è¯•' for key 'username'
2017-09-20 23:13:59 | ::1 | /index.php/admin/useradmin/save.html |é¢„å¤„ç†è¯­å¥é”™è¯¯: INSERT INTO "f_admin_user"  ("username","password","user_power","status","create_time","last_login_time","last_login_ip") VALUES (?,?,?,?,?,?,?) è¯­å¥ =>SQLSTATE[23000]: Integrity constraint violation: 1062 Duplicate entry 'æµ‹è¯•' for key 'username'
2017-09-20 23:14:02 | ::1 | /index.php/admin/useradmin/save.html |é¢„å¤„ç†è¯­å¥é”™è¯¯: INSERT INTO "f_admin_user"  ("username","password","user_power","status","create_time","last_login_time","last_login_ip") VALUES (?,?,?,?,?,?,?) è¯­å¥ =>SQLSTATE[23000]: Integrity constraint violation: 1062 Duplicate entry 'æµ‹è¯•1' for key 'username'
2017-09-20 23:15:13 | ::1 | /index.php/admin/useradmin/save.html |é¢„å¤„ç†è¯­å¥é”™è¯¯: INSERT INTO "f_admin_user"  ("username","password","user_power","status","create_time","last_login_time","last_login_ip") VALUES (?,?,?,?,?,?,?) è¯­å¥ =>SQLSTATE[23000]: Integrity constraint violation: 1062 Duplicate entry 'æµ‹è¯•' for key 'username'
2017-09-20 23:15:13 | ::1 | /index.php/admin/useradmin/save.html |é¢„å¤„ç†è¯­å¥é”™è¯¯: INSERT INTO "f_admin_user"  ("username","password","user_power","status","create_time","last_login_time","last_login_ip") VALUES (?,?,?,?,?,?,?) è¯­å¥ =>SQLSTATE[23000]: Integrity constraint violation: 1062 Duplicate entry 'æµ‹è¯•' for key 'username'
2017-09-20 23:15:13 | ::1 | /index.php/admin/useradmin/save.html |é¢„å¤„ç†è¯­å¥é”™è¯¯: INSERT INTO "f_admin_user"  ("username","password","user_power","status","create_time","last_login_time","last_login_ip") VALUES (?,?,?,?,?,?,?) è¯­å¥ =>SQLSTATE[23000]: Integrity constraint violation: 1062 Duplicate entry 'æµ‹è¯•' for key 'username'
2017-09-20 23:15:25 | ::1 | /index.php/admin/useradmin/save.html |é¢„å¤„ç†è¯­å¥é”™è¯¯: UPDATE "f_admin_user" SET "username" = ?, "user_power" = ?, "status" = ? WHERE id=15è¯­å¥ =>SQLSTATE[23000]: Integrity constraint violation: 1062 Duplicate entry 'æµ‹è¯•' for key 'username'
2017-09-20 23:15:26 | ::1 | /index.php/admin/useradmin/save.html |é¢„å¤„ç†è¯­å¥é”™è¯¯: UPDATE "f_admin_user" SET "username" = ?, "user_power" = ?, "status" = ? WHERE id=15è¯­å¥ =>SQLSTATE[23000]: Integrity constraint violation: 1062 Duplicate entry 'æµ‹è¯•' for key 'username'
2017-09-20 23:15:26 | ::1 | /index.php/admin/useradmin/save.html |é¢„å¤„ç†è¯­å¥é”™è¯¯: UPDATE "f_admin_user" SET "username" = ?, "user_power" = ?, "status" = ? WHERE id=15è¯­å¥ =>SQLSTATE[23000]: Integrity constraint violation: 1062 Duplicate entry 'æµ‹è¯•' for key 'username'
2017-09-20 23:15:28 | ::1 | /index.php/admin/useradmin/save.html |é¢„å¤„ç†è¯­å¥é”™è¯¯: UPDATE "f_admin_user" SET "username" = ?, "password" = ?, "user_power" = ?, "status" = ? WHERE id=15è¯­å¥ =>SQLSTATE[23000]: Integrity constraint violation: 1062 Duplicate entry 'æµ‹è¯•' for key 'username'
2017-09-20 23:15:28 | ::1 | /index.php/admin/useradmin/save.html |é¢„å¤„ç†è¯­å¥é”™è¯¯: UPDATE "f_admin_user" SET "username" = ?, "password" = ?, "user_power" = ?, "status" = ? WHERE id=15è¯­å¥ =>SQLSTATE[23000]: Integrity constraint violation: 1062 Duplicate entry 'æµ‹è¯•' for key 'username'
2017-09-20 23:15:29 | ::1 | /index.php/admin/useradmin/save.html |é¢„å¤„ç†è¯­å¥é”™è¯¯: UPDATE "f_admin_user" SET "username" = ?, "password" = ?, "user_power" = ?, "status" = ? WHERE id=15è¯­å¥ =>SQLSTATE[23000]: Integrity constraint violation: 1062 Duplicate entry 'æµ‹è¯•' for key 'username'
2017-09-20 23:15:29 | ::1 | /index.php/admin/useradmin/save.html |é¢„å¤„ç†è¯­å¥é”™è¯¯: UPDATE "f_admin_user" SET "username" = ?, "password" = ?, "user_power" = ?, "status" = ? WHERE id=15è¯­å¥ =>SQLSTATE[23000]: Integrity constraint violation: 1062 Duplicate entry 'æµ‹è¯•' for key 'username'
2017-09-20 23:24:17 | ::1 | /index.php/admin/system/systemHandle.html |é¢„å¤„ç†è¯­å¥é”™è¯¯: UPDATE "f_email" SET "email_sender" = ?, "email_password" = ?, "email_smtp" = ?, "email_receiver" = ? WHERE id=1è¯­å¥ =>SQLSTATE[42S02]: Base table or view not found: 1146 Table 'finch.f_email' doesn't exist
2017-09-20 23:24:19 | ::1 | /index.php/admin/system/systemHandle.html |é¢„å¤„ç†è¯­å¥é”™è¯¯: UPDATE "f_email" SET "email_sender" = ?, "email_password" = ?, "email_smtp" = ?, "email_receiver" = ? WHERE id=1è¯­å¥ =>SQLSTATE[42S02]: Base table or view not found: 1146 Table 'finch.f_email' doesn't exist
2017-09-20 23:24:20 | ::1 | /index.php/admin/system/systemHandle.html |é¢„å¤„ç†è¯­å¥é”™è¯¯: UPDATE "f_email" SET "email_sender" = ?, "email_password" = ?, "email_smtp" = ?, "email_receiver" = ? WHERE id=1è¯­å¥ =>SQLSTATE[42S02]: Base table or view not found: 1146 Table 'finch.f_email' doesn't exist
2017-09-20 23:24:20 | ::1 | /index.php/admin/system/systemHandle.html |é¢„å¤„ç†è¯­å¥é”™è¯¯: UPDATE "f_email" SET "email_sender" = ?, "email_password" = ?, "email_smtp" = ?, "email_receiver" = ? WHERE id=1è¯­å¥ =>SQLSTATE[42S02]: Base table or view not found: 1146 Table 'finch.f_email' doesn't exist
2017-09-20 23:24:25 | ::1 | /index.php/admin/system/systemHandle.html |é¢„å¤„ç†è¯­å¥é”™è¯¯: UPDATE "f_email" SET "email_sender" = ?, "email_password" = ?, "email_smtp" = ?, "email_receiver" = ? WHERE id=1è¯­å¥ =>SQLSTATE[42S02]: Base table or view not found: 1146 Table 'finch.f_email' doesn't exist
2017-09-20 23:24:27 | ::1 | /index.php/admin/system/systemHandle.html |é¢„å¤„ç†è¯­å¥é”™è¯¯: UPDATE "f_email" SET "email_sender" = ?, "email_password" = ?, "email_smtp" = ?, "email_receiver" = ? WHERE id=1è¯­å¥ =>SQLSTATE[42S02]: Base table or view not found: 1146 Table 'finch.f_email' doesn't exist
2017-09-20 23:27:49 | ::1 | /index.php/admin/system/systemHandle.html |é¢„å¤„ç†è¯­å¥é”™è¯¯: UPDATE "f_email" SET "email_sender" = ?, "email_password" = ?, "email_smtp" = ?, "email_receiver" = ? WHERE id=1è¯­å¥ =>SQLSTATE[42S02]: Base table or view not found: 1146 Table 'finch.f_email' doesn't exist
2017-09-20 23:29:29 | ::1 | /index.php/admin/system/systemHandle.html |é¢„å¤„ç†è¯­å¥é”™è¯¯: UPDATE "f_email" SET "email_sender" = ?, "email_password" = ?, "email_smtp" = ?, "email_receiver" = ? WHERE id=1è¯­å¥ =>SQLSTATE[42S02]: Base table or view not found: 1146 Table 'finch.f_email' doesn't exist
2017-09-20 23:29:31 | ::1 | /index.php/admin/system/systemHandle.html |é¢„å¤„ç†è¯­å¥é”™è¯¯: UPDATE "f_email" SET "email_sender" = ?, "email_password" = ?, "email_smtp" = ?, "email_receiver" = ? WHERE id=1è¯­å¥ =>SQLSTATE[42S02]: Base table or view not found: 1146 Table 'finch.f_email' doesn't exist
2017-09-20 23:29:31 | ::1 | /index.php/admin/system/systemHandle.html |é¢„å¤„ç†è¯­å¥é”™è¯¯: UPDATE "f_email" SET "email_sender" = ?, "email_password" = ?, "email_smtp" = ?, "email_receiver" = ? WHERE id=1è¯­å¥ =>SQLSTATE[42S02]: Base table or view not found: 1146 Table 'finch.f_email' doesn't exist
2017-09-20 23:29:32 | ::1 | /index.php/admin/system/systemHandle.html |é¢„å¤„ç†è¯­å¥é”™è¯¯: UPDATE "f_email" SET "email_sender" = ?, "email_password" = ?, "email_smtp" = ?, "email_receiver" = ? WHERE id=1è¯­å¥ =>SQLSTATE[42S02]: Base table or view not found: 1146 Table 'finch.f_email' doesn't exist
2017-09-20 23:29:32 | ::1 | /index.php/admin/system/systemHandle.html |é¢„å¤„ç†è¯­å¥é”™è¯¯: UPDATE "f_email" SET "email_sender" = ?, "email_password" = ?, "email_smtp" = ?, "email_receiver" = ? WHERE id=1è¯­å¥ =>SQLSTATE[42S02]: Base table or view not found: 1146 Table 'finch.f_email' doesn't exist
2017-09-20 23:29:32 | ::1 | /index.php/admin/system/systemHandle.html |é¢„å¤„ç†è¯­å¥é”™è¯¯: UPDATE "f_email" SET "email_sender" = ?, "email_password" = ?, "email_smtp" = ?, "email_receiver" = ? WHERE id=1è¯­å¥ =>SQLSTATE[42S02]: Base table or view not found: 1146 Table 'finch.f_email' doesn't exist
2017-09-20 23:29:32 | ::1 | /index.php/admin/system/systemHandle.html |é¢„å¤„ç†è¯­å¥é”™è¯¯: UPDATE "f_email" SET "email_sender" = ?, "email_password" = ?, "email_smtp" = ?, "email_receiver" = ? WHERE id=1è¯­å¥ =>SQLSTATE[42S02]: Base table or view not found: 1146 Table 'finch.f_email' doesn't exist
2017-09-20 23:29:32 | ::1 | /index.php/admin/system/systemHandle.html |é¢„å¤„ç†è¯­å¥é”™è¯¯: UPDATE "f_email" SET "email_sender" = ?, "email_password" = ?, "email_smtp" = ?, "email_receiver" = ? WHERE id=1è¯­å¥ =>SQLSTATE[42S02]: Base table or view not found: 1146 Table 'finch.f_email' doesn't exist
2017-09-20 23:29:33 | ::1 | /index.php/admin/system/systemHandle.html |é¢„å¤„ç†è¯­å¥é”™è¯¯: UPDATE "f_email" SET "email_sender" = ?, "email_password" = ?, "email_smtp" = ?, "email_receiver" = ? WHERE id=1è¯­å¥ =>SQLSTATE[42S02]: Base table or view not found: 1146 Table 'finch.f_email' doesn't exist
2017-09-20 23:29:33 | ::1 | /index.php/admin/system/systemHandle.html |é¢„å¤„ç†è¯­å¥é”™è¯¯: UPDATE "f_email" SET "email_sender" = ?, "email_password" = ?, "email_smtp" = ?, "email_receiver" = ? WHERE id=1è¯­å¥ =>SQLSTATE[42S02]: Base table or view not found: 1146 Table 'finch.f_email' doesn't exist
2017-09-20 23:29:33 | ::1 | /index.php/admin/system/systemHandle.html |é¢„å¤„ç†è¯­å¥é”™è¯¯: UPDATE "f_email" SET "email_sender" = ?, "email_password" = ?, "email_smtp" = ?, "email_receiver" = ? WHERE id=1è¯­å¥ =>SQLSTATE[42S02]: Base table or view not found: 1146 Table 'finch.f_email' doesn't exist
2017-09-20 23:29:33 | ::1 | /index.php/admin/system/systemHandle.html |é¢„å¤„ç†è¯­å¥é”™è¯¯: UPDATE "f_email" SET "email_sender" = ?, "email_password" = ?, "email_smtp" = ?, "email_receiver" = ? WHERE id=1è¯­å¥ =>SQLSTATE[42S02]: Base table or view not found: 1146 Table 'finch.f_email' doesn't exist
2017-09-20 23:29:33 | ::1 | /index.php/admin/system/systemHandle.html |é¢„å¤„ç†è¯­å¥é”™è¯¯: UPDATE "f_email" SET "email_sender" = ?, "email_password" = ?, "email_smtp" = ?, "email_receiver" = ? WHERE id=1è¯­å¥ =>SQLSTATE[42S02]: Base table or view not found: 1146 Table 'finch.f_email' doesn't exist
2017-09-20 23:29:34 | ::1 | /index.php/admin/system/systemHandle.html |é¢„å¤„ç†è¯­å¥é”™è¯¯: UPDATE "f_email" SET "email_sender" = ?, "email_password" = ?, "email_smtp" = ?, "email_receiver" = ? WHERE id=1è¯­å¥ =>SQLSTATE[42S02]: Base table or view not found: 1146 Table 'finch.f_email' doesn't exist
2017-09-20 23:29:34 | ::1 | /index.php/admin/system/systemHandle.html |é¢„å¤„ç†è¯­å¥é”™è¯¯: UPDATE "f_email" SET "email_sender" = ?, "email_password" = ?, "email_smtp" = ?, "email_receiver" = ? WHERE id=1è¯­å¥ =>SQLSTATE[42S02]: Base table or view not found: 1146 Table 'finch.f_email' doesn't exist
2017-09-20 23:29:34 | ::1 | /index.php/admin/system/systemHandle.html |é¢„å¤„ç†è¯­å¥é”™è¯¯: UPDATE "f_email" SET "email_sender" = ?, "email_password" = ?, "email_smtp" = ?, "email_receiver" = ? WHERE id=1è¯­å¥ =>SQLSTATE[42S02]: Base table or view not found: 1146 Table 'finch.f_email' doesn't exist
2017-09-20 23:29:34 | ::1 | /index.php/admin/system/systemHandle.html |é¢„å¤„ç†è¯­å¥é”™è¯¯: UPDATE "f_email" SET "email_sender" = ?, "email_password" = ?, "email_smtp" = ?, "email_receiver" = ? WHERE id=1è¯­å¥ =>SQLSTATE[42S02]: Base table or view not found: 1146 Table 'finch.f_email' doesn't exist
2017-09-20 23:29:34 | ::1 | /index.php/admin/system/systemHandle.html |é¢„å¤„ç†è¯­å¥é”™è¯¯: UPDATE "f_email" SET "email_sender" = ?, "email_password" = ?, "email_smtp" = ?, "email_receiver" = ? WHERE id=1è¯­å¥ =>SQLSTATE[42S02]: Base table or view not found: 1146 Table 'finch.f_email' doesn't exist
2017-09-20 23:29:37 | ::1 | /index.php/admin/system/systemHandle.html |é¢„å¤„ç†è¯­å¥é”™è¯¯: UPDATE "f_email" SET "email_sender" = ?, "email_password" = ?, "email_smtp" = ?, "email_receiver" = ? WHERE id=1è¯­å¥ =>SQLSTATE[42S02]: Base table or view not found: 1146 Table 'finch.f_email' doesn't exist
2017-09-20 23:29:38 | ::1 | /index.php/admin/system/systemHandle.html |é¢„å¤„ç†è¯­å¥é”™è¯¯: UPDATE "f_email" SET "email_sender" = ?, "email_password" = ?, "email_smtp" = ?, "email_receiver" = ? WHERE id=1è¯­å¥ =>SQLSTATE[42S02]: Base table or view not found: 1146 Table 'finch.f_email' doesn't exist
2017-09-20 23:29:38 | ::1 | /index.php/admin/system/systemHandle.html |é¢„å¤„ç†è¯­å¥é”™è¯¯: UPDATE "f_email" SET "email_sender" = ?, "email_password" = ?, "email_smtp" = ?, "email_receiver" = ? WHERE id=1è¯­å¥ =>SQLSTATE[42S02]: Base table or view not found: 1146 Table 'finch.f_email' doesn't exist
2017-09-20 23:29:38 | ::1 | /index.php/admin/system/systemHandle.html |é¢„å¤„ç†è¯­å¥é”™è¯¯: UPDATE "f_email" SET "email_sender" = ?, "email_password" = ?, "email_smtp" = ?, "email_receiver" = ? WHERE id=1è¯­å¥ =>SQLSTATE[42S02]: Base table or view not found: 1146 Table 'finch.f_email' doesn't exist
2017-09-20 23:29:38 | ::1 | /index.php/admin/system/systemHandle.html |é¢„å¤„ç†è¯­å¥é”™è¯¯: UPDATE "f_email" SET "email_sender" = ?, "email_password" = ?, "email_smtp" = ?, "email_receiver" = ? WHERE id=1è¯­å¥ =>SQLSTATE[42S02]: Base table or view not found: 1146 Table 'finch.f_email' doesn't exist
2017-09-20 23:29:38 | ::1 | /index.php/admin/system/systemHandle.html |é¢„å¤„ç†è¯­å¥é”™è¯¯: UPDATE "f_email" SET "email_sender" = ?, "email_password" = ?, "email_smtp" = ?, "email_receiver" = ? WHERE id=1è¯­å¥ =>SQLSTATE[42S02]: Base table or view not found: 1146 Table 'finch.f_email' doesn't exist
2017-09-20 23:29:38 | ::1 | /index.php/admin/system/systemHandle.html |é¢„å¤„ç†è¯­å¥é”™è¯¯: UPDATE "f_email" SET "email_sender" = ?, "email_password" = ?, "email_smtp" = ?, "email_receiver" = ? WHERE id=1è¯­å¥ =>SQLSTATE[42S02]: Base table or view not found: 1146 Table 'finch.f_email' doesn't exist
2017-09-20 23:29:39 | ::1 | /index.php/admin/system/systemHandle.html |é¢„å¤„ç†è¯­å¥é”™è¯¯: UPDATE "f_email" SET "email_sender" = ?, "email_password" = ?, "email_smtp" = ?, "email_receiver" = ? WHERE id=1è¯­å¥ =>SQLSTATE[42S02]: Base table or view not found: 1146 Table 'finch.f_email' doesn't exist
2017-09-20 23:29:39 | ::1 | /index.php/admin/system/systemHandle.html |é¢„å¤„ç†è¯­å¥é”™è¯¯: UPDATE "f_email" SET "email_sender" = ?, "email_password" = ?, "email_smtp" = ?, "email_receiver" = ? WHERE id=1è¯­å¥ =>SQLSTATE[42S02]: Base table or view not found: 1146 Table 'finch.f_email' doesn't exist
2017-09-20 23:29:39 | ::1 | /index.php/admin/system/systemHandle.html |é¢„å¤„ç†è¯­å¥é”™è¯¯: UPDATE "f_email" SET "email_sender" = ?, "email_password" = ?, "email_smtp" = ?, "email_receiver" = ? WHERE id=1è¯­å¥ =>SQLSTATE[42S02]: Base table or view not found: 1146 Table 'finch.f_email' doesn't exist
2017-09-20 23:29:39 | ::1 | /index.php/admin/system/systemHandle.html |é¢„å¤„ç†è¯­å¥é”™è¯¯: UPDATE "f_email" SET "email_sender" = ?, "email_password" = ?, "email_smtp" = ?, "email_receiver" = ? WHERE id=1è¯­å¥ =>SQLSTATE[42S02]: Base table or view not found: 1146 Table 'finch.f_email' doesn't exist
2017-09-20 23:29:39 | ::1 | /index.php/admin/system/systemHandle.html |é¢„å¤„ç†è¯­å¥é”™è¯¯: UPDATE "f_email" SET "email_sender" = ?, "email_password" = ?, "email_smtp" = ?, "email_receiver" = ? WHERE id=1è¯­å¥ =>SQLSTATE[42S02]: Base table or view not found: 1146 Table 'finch.f_email' doesn't exist
2017-09-20 23:29:40 | ::1 | /index.php/admin/system/systemHandle.html |é¢„å¤„ç†è¯­å¥é”™è¯¯: UPDATE "f_email" SET "email_sender" = ?, "email_password" = ?, "email_smtp" = ?, "email_receiver" = ? WHERE id=1è¯­å¥ =>SQLSTATE[42S02]: Base table or view not found: 1146 Table 'finch.f_email' doesn't exist
2017-09-20 23:29:40 | ::1 | /index.php/admin/system/systemHandle.html |é¢„å¤„ç†è¯­å¥é”™è¯¯: UPDATE "f_email" SET "email_sender" = ?, "email_password" = ?, "email_smtp" = ?, "email_receiver" = ? WHERE id=1è¯­å¥ =>SQLSTATE[42S02]: Base table or view not found: 1146 Table 'finch.f_email' doesn't exist
2017-09-20 23:29:40 | ::1 | /index.php/admin/system/systemHandle.html |é¢„å¤„ç†è¯­å¥é”™è¯¯: UPDATE "f_email" SET "email_sender" = ?, "email_password" = ?, "email_smtp" = ?, "email_receiver" = ? WHERE id=1è¯­å¥ =>SQLSTATE[42S02]: Base table or view not found: 1146 Table 'finch.f_email' doesn't exist
2017-09-20 23:29:40 | ::1 | /index.php/admin/system/systemHandle.html |é¢„å¤„ç†è¯­å¥é”™è¯¯: UPDATE "f_email" SET "email_sender" = ?, "email_password" = ?, "email_smtp" = ?, "email_receiver" = ? WHERE id=1è¯­å¥ =>SQLSTATE[42S02]: Base table or view not found: 1146 Table 'finch.f_email' doesn't exist
2017-09-20 23:29:40 | ::1 | /index.php/admin/system/systemHandle.html |é¢„å¤„ç†è¯­å¥é”™è¯¯: UPDATE "f_email" SET "email_sender" = ?, "email_password" = ?, "email_smtp" = ?, "email_receiver" = ? WHERE id=1è¯­å¥ =>SQLSTATE[42S02]: Base table or view not found: 1146 Table 'finch.f_email' doesn't exist
2017-09-20 23:29:41 | ::1 | /index.php/admin/system/systemHandle.html |é¢„å¤„ç†è¯­å¥é”™è¯¯: UPDATE "f_email" SET "email_sender" = ?, "email_password" = ?, "email_smtp" = ?, "email_receiver" = ? WHERE id=1è¯­å¥ =>SQLSTATE[42S02]: Base table or view not found: 1146 Table 'finch.f_email' doesn't exist
2017-09-20 23:29:41 | ::1 | /index.php/admin/system/systemHandle.html |é¢„å¤„ç†è¯­å¥é”™è¯¯: UPDATE "f_email" SET "email_sender" = ?, "email_password" = ?, "email_smtp" = ?, "email_receiver" = ? WHERE id=1è¯­å¥ =>SQLSTATE[42S02]: Base table or view not found: 1146 Table 'finch.f_email' doesn't exist
2017-09-20 23:29:41 | ::1 | /index.php/admin/system/systemHandle.html |é¢„å¤„ç†è¯­å¥é”™è¯¯: UPDATE "f_email" SET "email_sender" = ?, "email_password" = ?, "email_smtp" = ?, "email_receiver" = ? WHERE id=1è¯­å¥ =>SQLSTATE[42S02]: Base table or view not found: 1146 Table 'finch.f_email' doesn't exist
2017-09-20 23:29:41 | ::1 | /index.php/admin/system/systemHandle.html |é¢„å¤„ç†è¯­å¥é”™è¯¯: UPDATE "f_email" SET "email_sender" = ?, "email_password" = ?, "email_smtp" = ?, "email_receiver" = ? WHERE id=1è¯­å¥ =>SQLSTATE[42S02]: Base table or view not found: 1146 Table 'finch.f_email' doesn't exist
2017-09-20 23:29:42 | ::1 | /index.php/admin/system/systemHandle.html |é¢„å¤„ç†è¯­å¥é”™è¯¯: UPDATE "f_email" SET "email_sender" = ?, "email_password" = ?, "email_smtp" = ?, "email_receiver" = ? WHERE id=1è¯­å¥ =>SQLSTATE[42S02]: Base table or view not found: 1146 Table 'finch.f_email' doesn't exist
2017-09-20 23:29:42 | ::1 | /index.php/admin/system/systemHandle.html |é¢„å¤„ç†è¯­å¥é”™è¯¯: UPDATE "f_email" SET "email_sender" = ?, "email_password" = ?, "email_smtp" = ?, "email_receiver" = ? WHERE id=1è¯­å¥ =>SQLSTATE[42S02]: Base table or view not found: 1146 Table 'finch.f_email' doesn't exist
2017-09-20 23:29:42 | ::1 | /index.php/admin/system/systemHandle.html |é¢„å¤„ç†è¯­å¥é”™è¯¯: UPDATE "f_email" SET "email_sender" = ?, "email_password" = ?, "email_smtp" = ?, "email_receiver" = ? WHERE id=1è¯­å¥ =>SQLSTATE[42S02]: Base table or view not found: 1146 Table 'finch.f_email' doesn't exist
2017-09-20 23:29:42 | ::1 | /index.php/admin/system/systemHandle.html |é¢„å¤„ç†è¯­å¥é”™è¯¯: UPDATE "f_email" SET "email_sender" = ?, "email_password" = ?, "email_smtp" = ?, "email_receiver" = ? WHERE id=1è¯­å¥ =>SQLSTATE[42S02]: Base table or view not found: 1146 Table 'finch.f_email' doesn't exist
2017-09-20 23:29:42 | ::1 | /index.php/admin/system/systemHandle.html |é¢„å¤„ç†è¯­å¥é”™è¯¯: UPDATE "f_email" SET "email_sender" = ?, "email_password" = ?, "email_smtp" = ?, "email_receiver" = ? WHERE id=1è¯­å¥ =>SQLSTATE[42S02]: Base table or view not found: 1146 Table 'finch.f_email' doesn't exist
2017-09-20 23:29:43 | ::1 | /index.php/admin/system/systemHandle.html |é¢„å¤„ç†è¯­å¥é”™è¯¯: UPDATE "f_email" SET "email_sender" = ?, "email_password" = ?, "email_smtp" = ?, "email_receiver" = ? WHERE id=1è¯­å¥ =>SQLSTATE[42S02]: Base table or view not found: 1146 Table 'finch.f_email' doesn't exist
2017-09-20 23:29:43 | ::1 | /index.php/admin/system/systemHandle.html |é¢„å¤„ç†è¯­å¥é”™è¯¯: UPDATE "f_email" SET "email_sender" = ?, "email_password" = ?, "email_smtp" = ?, "email_receiver" = ? WHERE id=1è¯­å¥ =>SQLSTATE[42S02]: Base table or view not found: 1146 Table 'finch.f_email' doesn't exist
2017-09-20 23:29:43 | ::1 | /index.php/admin/system/systemHandle.html |é¢„å¤„ç†è¯­å¥é”™è¯¯: UPDATE "f_email" SET "email_sender" = ?, "email_password" = ?, "email_smtp" = ?, "email_receiver" = ? WHERE id=1è¯­å¥ =>SQLSTATE[42S02]: Base table or view not found: 1146 Table 'finch.f_email' doesn't exist
2017-09-20 23:29:43 | ::1 | /index.php/admin/system/systemHandle.html |é¢„å¤„ç†è¯­å¥é”™è¯¯: UPDATE "f_email" SET "email_sender" = ?, "email_password" = ?, "email_smtp" = ?, "email_receiver" = ? WHERE id=1è¯­å¥ =>SQLSTATE[42S02]: Base table or view not found: 1146 Table 'finch.f_email' doesn't exist
2017-09-20 23:30:17 | ::1 | /index.php/admin/system/systemHandle.html |é¢„å¤„ç†è¯­å¥é”™è¯¯: UPDATE "f_email" SET "email_sender" = ?, "email_password" = ?, "email_smtp" = ?, "email_receiver" = ? WHERE id=1è¯­å¥ =>SQLSTATE[42S02]: Base table or view not found: 1146 Table 'finch.f_email' doesn't exist
