2017-09-25 10:37:31 | ::1 | /index.php/default/send |default应用里:controller\send_controller.php不存在
2017-09-25 10:37:38 | ::1 | /index.php/default/send_mail |default应用里:controller\send_mail_controller.php不存在
2017-09-25 10:38:06 | ::1 | /index.php/default/comm/send |default应用里:controller\comm_controller.php 文件中不存在 send 方法
2017-09-25 10:38:14 | ::1 | /index.php/default/send |default应用里:controller\send_controller.php不存在
2017-09-25 10:38:40 | ::1 | /index.php/default/send_mail |default应用里:controller\send_mail_controller.php不存在
2017-09-25 10:38:56 | ::1 | /index.php/admin/send |admin应用里:controller\send_controller.php不存在
2017-09-25 10:39:33 | ::1 | /index.php/admin/send |admin应用里:controller\send_controller.php不存在
2017-09-25 10:39:49 | ::1 | /index.php/admin/comm/send_mail |admin应用里:controller\comm_controller.php 文件中不存在 send_mail 方法
2017-09-25 10:39:53 | ::1 | /index.php/admin/comm/send |admin应用里:controller\comm_controller.php 文件中不存在 send 方法
2017-09-25 10:42:53 | ::1 | /index.php/default/comm/send |default应用里:controller\comm_controller.php 文件中不存在 send 方法
2017-09-25 10:49:19 | ::1 | /index.php/member/ajax.png |default应用里:controller\member_controller.php不存在
2017-09-25 11:21:50 | ::1 | /index.php/app/system/include/static/fonts/font-awesome/fontawesome-webfont.eot |default应用里:controller\app_controller.php不存在
2017-09-25 11:21:50 | ::1 | /index.php/app/system/include/static/fonts/web-icons/web-icons.eot |default应用里:controller\app_controller.php不存在
2017-09-25 11:21:50 | ::1 | /index.php/app/system/include/static/fonts/font-awesome/fontawesome-webfont.woff |default应用里:controller\app_controller.php不存在
2017-09-25 11:21:51 | ::1 | /index.php/app/system/include/static/fonts/web-icons/web-icons.woff |default应用里:controller\app_controller.php不存在
2017-09-25 11:21:51 | ::1 | /index.php/templates/res013/min/widget/slick/fonts/slick.eot |default应用里:controller\templates_controller.php不存在
2017-09-25 11:21:51 | ::1 | /index.php/app/system/include/static/fonts/font-awesome/fontawesome-webfont.ttf |default应用里:controller\app_controller.php不存在
2017-09-25 11:21:51 | ::1 | /index.php/app/system/include/static/fonts/web-icons/web-icons.ttf |default应用里:controller\app_controller.php不存在
2017-09-25 16:14:30 | ::1 | /index.php/admin/section/field_save.html |SQL语句错误: ALTER TABLE `f_guanggaozhongxin` ADD COLUMN `ceshi` varchar (测试) NOT NULL DEFAULT '';语句 =>SQLSTATE[42000]: Syntax error or access violation: 1064 You have an error in your SQL syntax; check the manual that corresponds to your MySQL server version for the right syntax to use near '测试) NOT NULL DEFAULT ''' at line 1
2017-09-25 16:14:38 | ::1 | /index.php/admin/section/field_save.html |SQL语句错误: ALTER TABLE `f_guanggaozhongxin` ADD COLUMN `ceshi2` varchar (测试) NOT NULL DEFAULT '';语句 =>SQLSTATE[42000]: Syntax error or access violation: 1064 You have an error in your SQL syntax; check the manual that corresponds to your MySQL server version for the right syntax to use near '测试) NOT NULL DEFAULT ''' at line 1
2017-09-25 16:14:52 | ::1 | /index.php/admin/section/field_save.html |SQL语句错误: ALTER TABLE `f_guanggaozhongxin` ADD COLUMN `shanchuwu` varchar (测试) NOT NULL DEFAULT '';语句 =>SQLSTATE[42000]: Syntax error or access violation: 1064 You have an error in your SQL syntax; check the manual that corresponds to your MySQL server version for the right syntax to use near '测试) NOT NULL DEFAULT ''' at line 1
2017-09-25 17:48:27 | ::1 | /index.php/admin/content/save.html |预处理语句错误: INSERT INTO "f_guanggaozhongxin"  ("ceshi","add_time","pid","fid","sort") VALUES (?,?,?,?,?) 语句 =>SQLSTATE[42S22]: Column not found: 1054 Unknown column 'ceshi' in 'field list'
2017-09-25 17:48:28 | ::1 | /index.php/admin/content/save.html |预处理语句错误: INSERT INTO "f_guanggaozhongxin"  ("ceshi","add_time","pid","fid","sort") VALUES (?,?,?,?,?) 语句 =>SQLSTATE[42S22]: Column not found: 1054 Unknown column 'ceshi' in 'field list'
2017-09-25 17:48:29 | ::1 | /index.php/admin/content/save.html |预处理语句错误: INSERT INTO "f_guanggaozhongxin"  ("ceshi","add_time","pid","fid","sort") VALUES (?,?,?,?,?) 语句 =>SQLSTATE[42S22]: Column not found: 1054 Unknown column 'ceshi' in 'field list'
2017-09-25 17:48:29 | ::1 | /index.php/admin/content/save.html |预处理语句错误: INSERT INTO "f_guanggaozhongxin"  ("ceshi","add_time","pid","fid","sort") VALUES (?,?,?,?,?) 语句 =>SQLSTATE[42S22]: Column not found: 1054 Unknown column 'ceshi' in 'field list'
2017-09-25 17:48:30 | ::1 | /index.php/admin/content/save.html |预处理语句错误: INSERT INTO "f_guanggaozhongxin"  ("ceshi","add_time","pid","fid","sort") VALUES (?,?,?,?,?) 语句 =>SQLSTATE[42S22]: Column not found: 1054 Unknown column 'ceshi' in 'field list'
2017-09-25 17:48:31 | ::1 | /index.php/admin/content/save.html |预处理语句错误: INSERT INTO "f_guanggaozhongxin"  ("ceshi","add_time","pid","fid","sort") VALUES (?,?,?,?,?) 语句 =>SQLSTATE[42S22]: Column not found: 1054 Unknown column 'ceshi' in 'field list'
2017-09-25 17:48:32 | ::1 | /index.php/admin/content/save.html |预处理语句错误: INSERT INTO "f_guanggaozhongxin"  ("ceshi","add_time","pid","fid","sort") VALUES (?,?,?,?,?) 语句 =>SQLSTATE[42S22]: Column not found: 1054 Unknown column 'ceshi' in 'field list'
2017-09-25 17:48:32 | ::1 | /index.php/admin/content/save.html |预处理语句错误: INSERT INTO "f_guanggaozhongxin"  ("ceshi","add_time","pid","fid","sort") VALUES (?,?,?,?,?) 语句 =>SQLSTATE[42S22]: Column not found: 1054 Unknown column 'ceshi' in 'field list'
2017-09-25 17:48:33 | ::1 | /index.php/admin/content/save.html |预处理语句错误: INSERT INTO "f_guanggaozhongxin"  ("ceshi","add_time","pid","fid","sort") VALUES (?,?,?,?,?) 语句 =>SQLSTATE[42S22]: Column not found: 1054 Unknown column 'ceshi' in 'field list'
2017-09-25 17:58:07 | ::1 | /index.php/admin/content/save.html |预处理语句错误: INSERT INTO "f_guanggaozhongxin"  ("ceshi","add_time","pid","fid","sort") VALUES (?,?,?,?,?) 语句 =>SQLSTATE[42S22]: Column not found: 1054 Unknown column 'ceshi' in 'field list'
2017-09-25 17:58:08 | ::1 | /index.php/admin/content/save.html |预处理语句错误: INSERT INTO "f_guanggaozhongxin"  ("ceshi","add_time","pid","fid","sort") VALUES (?,?,?,?,?) 语句 =>SQLSTATE[42S22]: Column not found: 1054 Unknown column 'ceshi' in 'field list'
2017-09-25 17:58:09 | ::1 | /index.php/admin/content/save.html |预处理语句错误: INSERT INTO "f_guanggaozhongxin"  ("ceshi","add_time","pid","fid","sort") VALUES (?,?,?,?,?) 语句 =>SQLSTATE[42S22]: Column not found: 1054 Unknown column 'ceshi' in 'field list'
2017-09-25 17:58:10 | ::1 | /index.php/admin/content/save.html |预处理语句错误: INSERT INTO "f_guanggaozhongxin"  ("ceshi","add_time","pid","fid","sort") VALUES (?,?,?,?,?) 语句 =>SQLSTATE[42S22]: Column not found: 1054 Unknown column 'ceshi' in 'field list'
2017-09-25 17:58:11 | ::1 | /index.php/admin/content/save.html |预处理语句错误: INSERT INTO "f_guanggaozhongxin"  ("ceshi","add_time","pid","fid","sort") VALUES (?,?,?,?,?) 语句 =>SQLSTATE[42S22]: Column not found: 1054 Unknown column 'ceshi' in 'field list'
2017-09-25 17:58:12 | ::1 | /index.php/admin/content/save.html |预处理语句错误: INSERT INTO "f_guanggaozhongxin"  ("ceshi","add_time","pid","fid","sort") VALUES (?,?,?,?,?) 语句 =>SQLSTATE[42S22]: Column not found: 1054 Unknown column 'ceshi' in 'field list'
2017-09-25 17:58:13 | ::1 | /index.php/admin/content/save.html |预处理语句错误: INSERT INTO "f_guanggaozhongxin"  ("ceshi","add_time","pid","fid","sort") VALUES (?,?,?,?,?) 语句 =>SQLSTATE[42S22]: Column not found: 1054 Unknown column 'ceshi' in 'field list'
2017-09-25 17:58:14 | ::1 | /index.php/admin/content/save.html |预处理语句错误: INSERT INTO "f_guanggaozhongxin"  ("ceshi","add_time","pid","fid","sort") VALUES (?,?,?,?,?) 语句 =>SQLSTATE[42S22]: Column not found: 1054 Unknown column 'ceshi' in 'field list'
2017-09-25 17:58:15 | ::1 | /index.php/admin/content/save.html |预处理语句错误: INSERT INTO "f_guanggaozhongxin"  ("ceshi","add_time","pid","fid","sort") VALUES (?,?,?,?,?) 语句 =>SQLSTATE[42S22]: Column not found: 1054 Unknown column 'ceshi' in 'field list'
2017-09-25 17:58:16 | ::1 | /index.php/admin/content/save.html |预处理语句错误: INSERT INTO "f_guanggaozhongxin"  ("ceshi","add_time","pid","fid","sort") VALUES (?,?,?,?,?) 语句 =>SQLSTATE[42S22]: Column not found: 1054 Unknown column 'ceshi' in 'field list'
2017-09-25 17:58:17 | ::1 | /index.php/admin/content/save.html |预处理语句错误: INSERT INTO "f_guanggaozhongxin"  ("ceshi","add_time","pid","fid","sort") VALUES (?,?,?,?,?) 语句 =>SQLSTATE[42S22]: Column not found: 1054 Unknown column 'ceshi' in 'field list'
2017-09-25 17:58:18 | ::1 | /index.php/admin/content/save.html |预处理语句错误: INSERT INTO "f_guanggaozhongxin"  ("ceshi","add_time","pid","fid","sort") VALUES (?,?,?,?,?) 语句 =>SQLSTATE[42S22]: Column not found: 1054 Unknown column 'ceshi' in 'field list'
2017-09-25 17:58:19 | ::1 | /index.php/admin/content/save.html |预处理语句错误: INSERT INTO "f_guanggaozhongxin"  ("ceshi","add_time","pid","fid","sort") VALUES (?,?,?,?,?) 语句 =>SQLSTATE[42S22]: Column not found: 1054 Unknown column 'ceshi' in 'field list'
2017-09-25 17:58:20 | ::1 | /index.php/admin/content/save.html |预处理语句错误: INSERT INTO "f_guanggaozhongxin"  ("ceshi","add_time","pid","fid","sort") VALUES (?,?,?,?,?) 语句 =>SQLSTATE[42S22]: Column not found: 1054 Unknown column 'ceshi' in 'field list'
2017-09-25 17:58:21 | ::1 | /index.php/admin/content/save.html |预处理语句错误: INSERT INTO "f_guanggaozhongxin"  ("ceshi","add_time","pid","fid","sort") VALUES (?,?,?,?,?) 语句 =>SQLSTATE[42S22]: Column not found: 1054 Unknown column 'ceshi' in 'field list'
